<?xml version="1.0" encoding="UTF-8"?>
<testsuites name="Mocha Tests" time="0.002" tests="3" failures="0">
  <testsuite name="Root Suite" timestamp="2019-09-13T15:19:28" tests="0" failures="0" time="0">
  </testsuite>
  <testsuite name="GET /api/v1/orders" timestamp="2019-09-13T15:19:28" tests="0" file="/Users/Shared/Projects/COMOrderDetailService/src/controller/ComOrderDetailControllerE2E.test.ts" failures="0" time="0">
  </testsuite>
  <testsuite name="Given a valid customer Order Number and Tracking Number" timestamp="2019-09-13T15:19:28" tests="0" file="/Users/Shared/Projects/COMOrderDetailService/src/controller/ComOrderDetailControllerE2E.test.ts" failures="0" time="0">
  </testsuite>
  <testsuite name="when we have the order cached, we get the order from cache" timestamp="2019-09-13T15:19:28" tests="3" file="/Users/Shared/Projects/COMOrderDetailService/src/controller/ComOrderDetailControllerE2E.test.ts" failures="0" time="0.002">
    <testcase name="GET /api/v1/orders Given a valid customer Order Number and Tracking Number when we have the order cached, we get the order from cache should be successful" time="0.001" classname="should be successful">
    </testcase>
    <testcase name="GET /api/v1/orders Given a valid customer Order Number and Tracking Number when we have the order cached, we get the order from cache not call OVQ" time="0" classname="not call OVQ">
    </testcase>
    <testcase name="GET /api/v1/orders Given a valid customer Order Number and Tracking Number when we have the order cached, we get the order from cache should return a response body from the cache" time="0.001" classname="should return a response body from the cache">
    </testcase>
  </testsuite>
</testsuites>