{"/Users/Shared/Projects/COMOrderDetailService/src/common/KafaService.test.ts":{"path":"/Users/Shared/Projects/COMOrderDetailService/src/common/KafaService.test.ts","statementMap":{"0":{"start":{"line":2,"column":16},"end":{"line":9,"column":1}},"1":{"start":{"line":3,"column":4},"end":{"line":8,"column":7}},"2":{"start":{"line":4,"column":36},"end":{"line":4,"column":97}},"3":{"start":{"line":4,"column":42},"end":{"line":4,"column":70}},"4":{"start":{"line":4,"column":85},"end":{"line":4,"column":95}},"5":{"start":{"line":5,"column":35},"end":{"line":5,"column":100}},"6":{"start":{"line":5,"column":41},"end":{"line":5,"column":73}},"7":{"start":{"line":5,"column":88},"end":{"line":5,"column":98}},"8":{"start":{"line":6,"column":32},"end":{"line":6,"column":149}},"9":{"start":{"line":6,"column":97},"end":{"line":6,"column":119}},"10":{"start":{"line":7,"column":8},"end":{"line":7,"column":78}},"11":{"start":{"line":10,"column":18},"end":{"line":36,"column":1}},"12":{"start":{"line":11,"column":12},"end":{"line":11,"column":104}},"13":{"start":{"line":11,"column":43},"end":{"line":11,"column":68}},"14":{"start":{"line":11,"column":57},"end":{"line":11,"column":68}},"15":{"start":{"line":11,"column":69},"end":{"line":11,"column":81}},"16":{"start":{"line":12,"column":4},"end":{"line":12,"column":157}},"17":{"start":{"line":12,"column":138},"end":{"line":12,"column":150}},"18":{"start":{"line":13,"column":23},"end":{"line":13,"column":68}},"19":{"start":{"line":13,"column":45},"end":{"line":13,"column":65}},"20":{"start":{"line":15,"column":8},"end":{"line":15,"column":70}},"21":{"start":{"line":15,"column":15},"end":{"line":15,"column":70}},"22":{"start":{"line":16,"column":8},"end":{"line":33,"column":66}},"23":{"start":{"line":16,"column":18},"end":{"line":33,"column":66}},"24":{"start":{"line":17,"column":12},"end":{"line":17,"column":169}},"25":{"start":{"line":17,"column":160},"end":{"line":17,"column":169}},"26":{"start":{"line":18,"column":12},"end":{"line":18,"column":52}},"27":{"start":{"line":18,"column":26},"end":{"line":18,"column":52}},"28":{"start":{"line":19,"column":12},"end":{"line":31,"column":13}},"29":{"start":{"line":20,"column":32},"end":{"line":20,"column":39}},"30":{"start":{"line":20,"column":40},"end":{"line":20,"column":46}},"31":{"start":{"line":21,"column":24},"end":{"line":21,"column":34}},"32":{"start":{"line":21,"column":35},"end":{"line":21,"column":72}},"33":{"start":{"line":22,"column":24},"end":{"line":22,"column":34}},"34":{"start":{"line":22,"column":35},"end":{"line":22,"column":45}},"35":{"start":{"line":22,"column":46},"end":{"line":22,"column":55}},"36":{"start":{"line":22,"column":56},"end":{"line":22,"column":65}},"37":{"start":{"line":23,"column":24},"end":{"line":23,"column":41}},"38":{"start":{"line":23,"column":42},"end":{"line":23,"column":55}},"39":{"start":{"line":23,"column":56},"end":{"line":23,"column":65}},"40":{"start":{"line":25,"column":20},"end":{"line":25,"column":128}},"41":{"start":{"line":25,"column":110},"end":{"line":25,"column":116}},"42":{"start":{"line":25,"column":117},"end":{"line":25,"column":126}},"43":{"start":{"line":26,"column":20},"end":{"line":26,"column":106}},"44":{"start":{"line":26,"column":81},"end":{"line":26,"column":97}},"45":{"start":{"line":26,"column":98},"end":{"line":26,"column":104}},"46":{"start":{"line":27,"column":20},"end":{"line":27,"column":89}},"47":{"start":{"line":27,"column":57},"end":{"line":27,"column":72}},"48":{"start":{"line":27,"column":73},"end":{"line":27,"column":80}},"49":{"start":{"line":27,"column":81},"end":{"line":27,"column":87}},"50":{"start":{"line":28,"column":20},"end":{"line":28,"column":87}},"51":{"start":{"line":28,"column":47},"end":{"line":28,"column":62}},"52":{"start":{"line":28,"column":63},"end":{"line":28,"column":78}},"53":{"start":{"line":28,"column":79},"end":{"line":28,"column":85}},"54":{"start":{"line":29,"column":20},"end":{"line":29,"column":42}},"55":{"start":{"line":29,"column":30},"end":{"line":29,"column":42}},"56":{"start":{"line":30,"column":20},"end":{"line":30,"column":33}},"57":{"start":{"line":30,"column":34},"end":{"line":30,"column":43}},"58":{"start":{"line":32,"column":12},"end":{"line":32,"column":39}},"59":{"start":{"line":33,"column":22},"end":{"line":33,"column":34}},"60":{"start":{"line":33,"column":35},"end":{"line":33,"column":41}},"61":{"start":{"line":33,"column":54},"end":{"line":33,"column":64}},"62":{"start":{"line":34,"column":8},"end":{"line":34,"column":35}},"63":{"start":{"line":34,"column":23},"end":{"line":34,"column":35}},"64":{"start":{"line":34,"column":36},"end":{"line":34,"column":89}},"65":{"start":{"line":37,"column":12},"end":{"line":37,"column":16}},"66":{"start":{"line":38,"column":0},"end":{"line":38,"column":62}},"67":{"start":{"line":39,"column":11},"end":{"line":39,"column":26}},"68":{"start":{"line":40,"column":14},"end":{"line":40,"column":30}},"69":{"start":{"line":41,"column":19},"end":{"line":41,"column":42}},"70":{"start":{"line":42,"column":14},"end":{"line":42,"column":30}},"71":{"start":{"line":43,"column":21},"end":{"line":43,"column":46}},"72":{"start":{"line":44,"column":21},"end":{"line":44,"column":46}},"73":{"start":{"line":45,"column":13},"end":{"line":45,"column":24}},"74":{"start":{"line":46,"column":0},"end":{"line":210,"column":3}},"75":{"start":{"line":55,"column":4},"end":{"line":94,"column":7}},"76":{"start":{"line":59,"column":8},"end":{"line":71,"column":11}},"77":{"start":{"line":60,"column":12},"end":{"line":64,"column":15}},"78":{"start":{"line":61,"column":16},"end":{"line":61,"column":69}},"79":{"start":{"line":62,"column":16},"end":{"line":62,"column":76}},"80":{"start":{"line":63,"column":16},"end":{"line":63,"column":71}},"81":{"start":{"line":65,"column":12},"end":{"line":67,"column":15}},"82":{"start":{"line":66,"column":16},"end":{"line":66,"column":32}},"83":{"start":{"line":68,"column":12},"end":{"line":70,"column":15}},"84":{"start":{"line":69,"column":16},"end":{"line":69,"column":59}},"85":{"start":{"line":72,"column":8},"end":{"line":93,"column":11}},"86":{"start":{"line":73,"column":12},"end":{"line":86,"column":19}},"87":{"start":{"line":73,"column":41},"end":{"line":86,"column":15}},"88":{"start":{"line":74,"column":16},"end":{"line":85,"column":19}},"89":{"start":{"line":75,"column":20},"end":{"line":84,"column":21}},"90":{"start":{"line":77,"column":28},"end":{"line":77,"column":93}},"91":{"start":{"line":78,"column":28},"end":{"line":78,"column":88}},"92":{"start":{"line":79,"column":28},"end":{"line":79,"column":59}},"93":{"start":{"line":80,"column":28},"end":{"line":80,"column":94}},"94":{"start":{"line":82,"column":28},"end":{"line":82,"column":49}},"95":{"start":{"line":83,"column":28},"end":{"line":83,"column":50}},"96":{"start":{"line":87,"column":12},"end":{"line":89,"column":15}},"97":{"start":{"line":88,"column":16},"end":{"line":88,"column":58}},"98":{"start":{"line":90,"column":12},"end":{"line":92,"column":15}},"99":{"start":{"line":91,"column":16},"end":{"line":91,"column":44}},"100":{"start":{"line":95,"column":4},"end":{"line":209,"column":7}},"101":{"start":{"line":97,"column":8},"end":{"line":145,"column":11}},"102":{"start":{"line":101,"column":23},"end":{"line":101,"column":48}},"103":{"start":{"line":102,"column":24},"end":{"line":102,"column":49}},"104":{"start":{"line":103,"column":31},"end":{"line":103,"column":85}},"105":{"start":{"line":104,"column":12},"end":{"line":125,"column":19}},"106":{"start":{"line":104,"column":41},"end":{"line":125,"column":15}},"107":{"start":{"line":106,"column":16},"end":{"line":124,"column":19}},"108":{"start":{"line":107,"column":20},"end":{"line":123,"column":21}},"109":{"start":{"line":110,"column":28},"end":{"line":110,"column":77}},"110":{"start":{"line":111,"column":28},"end":{"line":111,"column":95}},"111":{"start":{"line":112,"column":28},"end":{"line":112,"column":69}},"112":{"start":{"line":113,"column":28},"end":{"line":113,"column":74}},"113":{"start":{"line":114,"column":28},"end":{"line":114,"column":60}},"114":{"start":{"line":115,"column":28},"end":{"line":115,"column":90}},"115":{"start":{"line":116,"column":28},"end":{"line":116,"column":94}},"116":{"start":{"line":117,"column":28},"end":{"line":117,"column":69}},"117":{"start":{"line":118,"column":28},"end":{"line":118,"column":96}},"118":{"start":{"line":121,"column":28},"end":{"line":121,"column":54}},"119":{"start":{"line":122,"column":28},"end":{"line":122,"column":50}},"120":{"start":{"line":127,"column":12},"end":{"line":130,"column":15}},"121":{"start":{"line":128,"column":16},"end":{"line":128,"column":43}},"122":{"start":{"line":129,"column":16},"end":{"line":129,"column":45}},"123":{"start":{"line":132,"column":12},"end":{"line":134,"column":15}},"124":{"start":{"line":133,"column":16},"end":{"line":133,"column":69}},"125":{"start":{"line":135,"column":12},"end":{"line":138,"column":15}},"126":{"start":{"line":136,"column":30},"end":{"line":136,"column":57}},"127":{"start":{"line":137,"column":16},"end":{"line":137,"column":87}},"128":{"start":{"line":139,"column":12},"end":{"line":141,"column":15}},"129":{"start":{"line":140,"column":16},"end":{"line":140,"column":51}},"130":{"start":{"line":142,"column":12},"end":{"line":144,"column":15}},"131":{"start":{"line":143,"column":16},"end":{"line":143,"column":49}},"132":{"start":{"line":147,"column":8},"end":{"line":208,"column":11}},"133":{"start":{"line":151,"column":23},"end":{"line":151,"column":48}},"134":{"start":{"line":152,"column":24},"end":{"line":152,"column":49}},"135":{"start":{"line":153,"column":31},"end":{"line":153,"column":85}},"136":{"start":{"line":155,"column":12},"end":{"line":185,"column":19}},"137":{"start":{"line":155,"column":41},"end":{"line":185,"column":15}},"138":{"start":{"line":157,"column":16},"end":{"line":184,"column":19}},"139":{"start":{"line":158,"column":20},"end":{"line":183,"column":21}},"140":{"start":{"line":161,"column":28},"end":{"line":161,"column":77}},"141":{"start":{"line":162,"column":28},"end":{"line":162,"column":95}},"142":{"start":{"line":163,"column":28},"end":{"line":163,"column":51}},"143":{"start":{"line":164,"column":28},"end":{"line":164,"column":69}},"144":{"start":{"line":165,"column":28},"end":{"line":165,"column":74}},"145":{"start":{"line":166,"column":28},"end":{"line":166,"column":74}},"146":{"start":{"line":167,"column":28},"end":{"line":167,"column":90}},"147":{"start":{"line":168,"column":28},"end":{"line":168,"column":94}},"148":{"start":{"line":169,"column":28},"end":{"line":169,"column":69}},"149":{"start":{"line":170,"column":28},"end":{"line":170,"column":41}},"150":{"start":{"line":172,"column":28},"end":{"line":172,"column":54}},"151":{"start":{"line":173,"column":28},"end":{"line":173,"column":96}},"152":{"start":{"line":175,"column":28},"end":{"line":175,"column":54}},"153":{"start":{"line":176,"column":28},"end":{"line":176,"column":52}},"154":{"start":{"line":178,"column":28},"end":{"line":178,"column":46}},"155":{"start":{"line":179,"column":28},"end":{"line":179,"column":50}},"156":{"start":{"line":180,"column":28},"end":{"line":180,"column":52}},"157":{"start":{"line":181,"column":28},"end":{"line":181,"column":52}},"158":{"start":{"line":182,"column":32},"end":{"line":182,"column":54}},"159":{"start":{"line":187,"column":12},"end":{"line":190,"column":15}},"160":{"start":{"line":188,"column":16},"end":{"line":188,"column":43}},"161":{"start":{"line":189,"column":16},"end":{"line":189,"column":45}},"162":{"start":{"line":192,"column":12},"end":{"line":194,"column":15}},"163":{"start":{"line":193,"column":16},"end":{"line":193,"column":69}},"164":{"start":{"line":195,"column":12},"end":{"line":198,"column":15}},"165":{"start":{"line":196,"column":30},"end":{"line":196,"column":57}},"166":{"start":{"line":197,"column":16},"end":{"line":197,"column":87}},"167":{"start":{"line":199,"column":12},"end":{"line":201,"column":15}},"168":{"start":{"line":200,"column":16},"end":{"line":200,"column":51}},"169":{"start":{"line":202,"column":12},"end":{"line":204,"column":15}},"170":{"start":{"line":203,"column":16},"end":{"line":203,"column":55}},"171":{"start":{"line":205,"column":12},"end":{"line":207,"column":15}},"172":{"start":{"line":206,"column":16},"end":{"line":206,"column":132}}},"fnMap":{"0":{"name":"(anonymous_0)","decl":{"start":{"line":2,"column":44},"end":{"line":2,"column":45}},"loc":{"start":{"line":2,"column":89},"end":{"line":9,"column":1}},"line":2},"1":{"name":"(anonymous_1)","decl":{"start":{"line":3,"column":36},"end":{"line":3,"column":37}},"loc":{"start":{"line":3,"column":63},"end":{"line":8,"column":5}},"line":3},"2":{"name":"fulfilled","decl":{"start":{"line":4,"column":17},"end":{"line":4,"column":26}},"loc":{"start":{"line":4,"column":34},"end":{"line":4,"column":99}},"line":4},"3":{"name":"rejected","decl":{"start":{"line":5,"column":17},"end":{"line":5,"column":25}},"loc":{"start":{"line":5,"column":33},"end":{"line":5,"column":102}},"line":5},"4":{"name":"step","decl":{"start":{"line":6,"column":17},"end":{"line":6,"column":21}},"loc":{"start":{"line":6,"column":30},"end":{"line":6,"column":151}},"line":6},"5":{"name":"(anonymous_5)","decl":{"start":{"line":6,"column":76},"end":{"line":6,"column":77}},"loc":{"start":{"line":6,"column":95},"end":{"line":6,"column":121}},"line":6},"6":{"name":"(anonymous_6)","decl":{"start":{"line":10,"column":48},"end":{"line":10,"column":49}},"loc":{"start":{"line":10,"column":73},"end":{"line":36,"column":1}},"line":10},"7":{"name":"(anonymous_7)","decl":{"start":{"line":11,"column":30},"end":{"line":11,"column":31}},"loc":{"start":{"line":11,"column":41},"end":{"line":11,"column":83}},"line":11},"8":{"name":"(anonymous_8)","decl":{"start":{"line":12,"column":125},"end":{"line":12,"column":126}},"loc":{"start":{"line":12,"column":136},"end":{"line":12,"column":152}},"line":12},"9":{"name":"verb","decl":{"start":{"line":13,"column":13},"end":{"line":13,"column":17}},"loc":{"start":{"line":13,"column":21},"end":{"line":13,"column":70}},"line":13},"10":{"name":"(anonymous_10)","decl":{"start":{"line":13,"column":30},"end":{"line":13,"column":31}},"loc":{"start":{"line":13,"column":43},"end":{"line":13,"column":67}},"line":13},"11":{"name":"step","decl":{"start":{"line":14,"column":13},"end":{"line":14,"column":17}},"loc":{"start":{"line":14,"column":22},"end":{"line":35,"column":5}},"line":14},"12":{"name":"(anonymous_12)","decl":{"start":{"line":46,"column":32},"end":{"line":46,"column":33}},"loc":{"start":{"line":46,"column":44},"end":{"line":210,"column":1}},"line":46},"13":{"name":"(anonymous_13)","decl":{"start":{"line":55,"column":38},"end":{"line":55,"column":39}},"loc":{"start":{"line":55,"column":50},"end":{"line":94,"column":5}},"line":55},"14":{"name":"(anonymous_14)","decl":{"start":{"line":59,"column":129},"end":{"line":59,"column":130}},"loc":{"start":{"line":59,"column":141},"end":{"line":71,"column":9}},"line":59},"15":{"name":"(anonymous_15)","decl":{"start":{"line":60,"column":27},"end":{"line":60,"column":28}},"loc":{"start":{"line":60,"column":39},"end":{"line":64,"column":13}},"line":60},"16":{"name":"(anonymous_16)","decl":{"start":{"line":65,"column":56},"end":{"line":65,"column":57}},"loc":{"start":{"line":65,"column":68},"end":{"line":67,"column":13}},"line":65},"17":{"name":"(anonymous_17)","decl":{"start":{"line":68,"column":48},"end":{"line":68,"column":49}},"loc":{"start":{"line":68,"column":60},"end":{"line":70,"column":13}},"line":68},"18":{"name":"(anonymous_18)","decl":{"start":{"line":72,"column":125},"end":{"line":72,"column":126}},"loc":{"start":{"line":72,"column":137},"end":{"line":93,"column":9}},"line":72},"19":{"name":"(anonymous_19)","decl":{"start":{"line":73,"column":27},"end":{"line":73,"column":28}},"loc":{"start":{"line":73,"column":39},"end":{"line":86,"column":17}},"line":73},"20":{"name":"(anonymous_20)","decl":{"start":{"line":73,"column":81},"end":{"line":73,"column":82}},"loc":{"start":{"line":73,"column":93},"end":{"line":86,"column":13}},"line":73},"21":{"name":"(anonymous_21)","decl":{"start":{"line":74,"column":41},"end":{"line":74,"column":42}},"loc":{"start":{"line":74,"column":55},"end":{"line":85,"column":17}},"line":74},"22":{"name":"(anonymous_22)","decl":{"start":{"line":87,"column":44},"end":{"line":87,"column":45}},"loc":{"start":{"line":87,"column":56},"end":{"line":89,"column":13}},"line":87},"23":{"name":"(anonymous_23)","decl":{"start":{"line":90,"column":68},"end":{"line":90,"column":69}},"loc":{"start":{"line":90,"column":80},"end":{"line":92,"column":13}},"line":90},"24":{"name":"(anonymous_24)","decl":{"start":{"line":95,"column":38},"end":{"line":95,"column":39}},"loc":{"start":{"line":95,"column":50},"end":{"line":209,"column":5}},"line":95},"25":{"name":"(anonymous_25)","decl":{"start":{"line":97,"column":98},"end":{"line":97,"column":99}},"loc":{"start":{"line":97,"column":110},"end":{"line":145,"column":9}},"line":97},"26":{"name":"(anonymous_26)","decl":{"start":{"line":104,"column":27},"end":{"line":104,"column":28}},"loc":{"start":{"line":104,"column":39},"end":{"line":125,"column":17}},"line":104},"27":{"name":"(anonymous_27)","decl":{"start":{"line":104,"column":81},"end":{"line":104,"column":82}},"loc":{"start":{"line":104,"column":93},"end":{"line":125,"column":13}},"line":104},"28":{"name":"(anonymous_28)","decl":{"start":{"line":106,"column":41},"end":{"line":106,"column":42}},"loc":{"start":{"line":106,"column":55},"end":{"line":124,"column":17}},"line":106},"29":{"name":"(anonymous_29)","decl":{"start":{"line":112,"column":51},"end":{"line":112,"column":52}},"loc":{"start":{"line":112,"column":63},"end":{"line":112,"column":66}},"line":112},"30":{"name":"(anonymous_30)","decl":{"start":{"line":127,"column":18},"end":{"line":127,"column":19}},"loc":{"start":{"line":127,"column":30},"end":{"line":130,"column":13}},"line":127},"31":{"name":"(anonymous_31)","decl":{"start":{"line":132,"column":52},"end":{"line":132,"column":53}},"loc":{"start":{"line":132,"column":64},"end":{"line":134,"column":13}},"line":132},"32":{"name":"(anonymous_32)","decl":{"start":{"line":135,"column":83},"end":{"line":135,"column":84}},"loc":{"start":{"line":135,"column":95},"end":{"line":138,"column":13}},"line":135},"33":{"name":"(anonymous_33)","decl":{"start":{"line":139,"column":63},"end":{"line":139,"column":64}},"loc":{"start":{"line":139,"column":75},"end":{"line":141,"column":13}},"line":139},"34":{"name":"(anonymous_34)","decl":{"start":{"line":142,"column":37},"end":{"line":142,"column":38}},"loc":{"start":{"line":142,"column":49},"end":{"line":144,"column":13}},"line":142},"35":{"name":"(anonymous_35)","decl":{"start":{"line":147,"column":105},"end":{"line":147,"column":106}},"loc":{"start":{"line":147,"column":117},"end":{"line":208,"column":9}},"line":147},"36":{"name":"(anonymous_36)","decl":{"start":{"line":155,"column":27},"end":{"line":155,"column":28}},"loc":{"start":{"line":155,"column":39},"end":{"line":185,"column":17}},"line":155},"37":{"name":"(anonymous_37)","decl":{"start":{"line":155,"column":81},"end":{"line":155,"column":82}},"loc":{"start":{"line":155,"column":93},"end":{"line":185,"column":13}},"line":155},"38":{"name":"(anonymous_38)","decl":{"start":{"line":157,"column":41},"end":{"line":157,"column":42}},"loc":{"start":{"line":157,"column":55},"end":{"line":184,"column":17}},"line":157},"39":{"name":"(anonymous_39)","decl":{"start":{"line":164,"column":51},"end":{"line":164,"column":52}},"loc":{"start":{"line":164,"column":63},"end":{"line":164,"column":66}},"line":164},"40":{"name":"(anonymous_40)","decl":{"start":{"line":187,"column":18},"end":{"line":187,"column":19}},"loc":{"start":{"line":187,"column":30},"end":{"line":190,"column":13}},"line":187},"41":{"name":"(anonymous_41)","decl":{"start":{"line":192,"column":52},"end":{"line":192,"column":53}},"loc":{"start":{"line":192,"column":64},"end":{"line":194,"column":13}},"line":192},"42":{"name":"(anonymous_42)","decl":{"start":{"line":195,"column":83},"end":{"line":195,"column":84}},"loc":{"start":{"line":195,"column":95},"end":{"line":198,"column":13}},"line":195},"43":{"name":"(anonymous_43)","decl":{"start":{"line":199,"column":63},"end":{"line":199,"column":64}},"loc":{"start":{"line":199,"column":75},"end":{"line":201,"column":13}},"line":199},"44":{"name":"(anonymous_44)","decl":{"start":{"line":202,"column":38},"end":{"line":202,"column":39}},"loc":{"start":{"line":202,"column":50},"end":{"line":204,"column":13}},"line":202},"45":{"name":"(anonymous_45)","decl":{"start":{"line":205,"column":51},"end":{"line":205,"column":52}},"loc":{"start":{"line":205,"column":63},"end":{"line":207,"column":13}},"line":205}},"branchMap":{"0":{"loc":{"start":{"line":2,"column":16},"end":{"line":9,"column":1}},"type":"binary-expr","locations":[{"start":{"line":2,"column":17},"end":{"line":2,"column":21}},{"start":{"line":2,"column":25},"end":{"line":2,"column":39}},{"start":{"line":2,"column":44},"end":{"line":9,"column":1}}],"line":2},"1":{"loc":{"start":{"line":3,"column":16},"end":{"line":3,"column":34}},"type":"binary-expr","locations":[{"start":{"line":3,"column":16},"end":{"line":3,"column":17}},{"start":{"line":3,"column":22},"end":{"line":3,"column":33}}],"line":3},"2":{"loc":{"start":{"line":6,"column":32},"end":{"line":6,"column":148}},"type":"cond-expr","locations":[{"start":{"line":6,"column":46},"end":{"line":6,"column":67}},{"start":{"line":6,"column":70},"end":{"line":6,"column":148}}],"line":6},"3":{"loc":{"start":{"line":7,"column":51},"end":{"line":7,"column":67}},"type":"binary-expr","locations":[{"start":{"line":7,"column":51},"end":{"line":7,"column":61}},{"start":{"line":7,"column":65},"end":{"line":7,"column":67}}],"line":7},"4":{"loc":{"start":{"line":10,"column":18},"end":{"line":36,"column":1}},"type":"binary-expr","locations":[{"start":{"line":10,"column":19},"end":{"line":10,"column":23}},{"start":{"line":10,"column":27},"end":{"line":10,"column":43}},{"start":{"line":10,"column":48},"end":{"line":36,"column":1}}],"line":10},"5":{"loc":{"start":{"line":11,"column":43},"end":{"line":11,"column":68}},"type":"if","locations":[{"start":{"line":11,"column":43},"end":{"line":11,"column":68}},{"start":{"line":11,"column":43},"end":{"line":11,"column":68}}],"line":11},"6":{"loc":{"start":{"line":12,"column":71},"end":{"line":12,"column":153}},"type":"binary-expr","locations":[{"start":{"line":12,"column":71},"end":{"line":12,"column":99}},{"start":{"line":12,"column":104},"end":{"line":12,"column":152}}],"line":12},"7":{"loc":{"start":{"line":15,"column":8},"end":{"line":15,"column":70}},"type":"if","locations":[{"start":{"line":15,"column":8},"end":{"line":15,"column":70}},{"start":{"line":15,"column":8},"end":{"line":15,"column":70}}],"line":15},"8":{"loc":{"start":{"line":17,"column":12},"end":{"line":17,"column":169}},"type":"if","locations":[{"start":{"line":17,"column":12},"end":{"line":17,"column":169}},{"start":{"line":17,"column":12},"end":{"line":17,"column":169}}],"line":17},"9":{"loc":{"start":{"line":17,"column":23},"end":{"line":17,"column":158}},"type":"binary-expr","locations":[{"start":{"line":17,"column":23},"end":{"line":17,"column":24}},{"start":{"line":17,"column":29},"end":{"line":17,"column":125}},{"start":{"line":17,"column":130},"end":{"line":17,"column":158}}],"line":17},"10":{"loc":{"start":{"line":17,"column":33},"end":{"line":17,"column":125}},"type":"cond-expr","locations":[{"start":{"line":17,"column":45},"end":{"line":17,"column":56}},{"start":{"line":17,"column":59},"end":{"line":17,"column":125}}],"line":17},"11":{"loc":{"start":{"line":17,"column":59},"end":{"line":17,"column":125}},"type":"cond-expr","locations":[{"start":{"line":17,"column":67},"end":{"line":17,"column":116}},{"start":{"line":17,"column":119},"end":{"line":17,"column":125}}],"line":17},"12":{"loc":{"start":{"line":17,"column":67},"end":{"line":17,"column":116}},"type":"binary-expr","locations":[{"start":{"line":17,"column":67},"end":{"line":17,"column":77}},{"start":{"line":17,"column":82},"end":{"line":17,"column":115}}],"line":17},"13":{"loc":{"start":{"line":17,"column":82},"end":{"line":17,"column":112}},"type":"binary-expr","locations":[{"start":{"line":17,"column":83},"end":{"line":17,"column":98}},{"start":{"line":17,"column":103},"end":{"line":17,"column":112}}],"line":17},"14":{"loc":{"start":{"line":18,"column":12},"end":{"line":18,"column":52}},"type":"if","locations":[{"start":{"line":18,"column":12},"end":{"line":18,"column":52}},{"start":{"line":18,"column":12},"end":{"line":18,"column":52}}],"line":18},"15":{"loc":{"start":{"line":19,"column":12},"end":{"line":31,"column":13}},"type":"switch","locations":[{"start":{"line":20,"column":16},"end":{"line":20,"column":23}},{"start":{"line":20,"column":24},"end":{"line":20,"column":46}},{"start":{"line":21,"column":16},"end":{"line":21,"column":72}},{"start":{"line":22,"column":16},"end":{"line":22,"column":65}},{"start":{"line":23,"column":16},"end":{"line":23,"column":65}},{"start":{"line":24,"column":16},"end":{"line":30,"column":43}}],"line":19},"16":{"loc":{"start":{"line":25,"column":20},"end":{"line":25,"column":128}},"type":"if","locations":[{"start":{"line":25,"column":20},"end":{"line":25,"column":128}},{"start":{"line":25,"column":20},"end":{"line":25,"column":128}}],"line":25},"17":{"loc":{"start":{"line":25,"column":24},"end":{"line":25,"column":106}},"type":"binary-expr","locations":[{"start":{"line":25,"column":24},"end":{"line":25,"column":74}},{"start":{"line":25,"column":79},"end":{"line":25,"column":90}},{"start":{"line":25,"column":94},"end":{"line":25,"column":105}}],"line":25},"18":{"loc":{"start":{"line":25,"column":42},"end":{"line":25,"column":73}},"type":"binary-expr","locations":[{"start":{"line":25,"column":42},"end":{"line":25,"column":54}},{"start":{"line":25,"column":58},"end":{"line":25,"column":73}}],"line":25},"19":{"loc":{"start":{"line":26,"column":20},"end":{"line":26,"column":106}},"type":"if","locations":[{"start":{"line":26,"column":20},"end":{"line":26,"column":106}},{"start":{"line":26,"column":20},"end":{"line":26,"column":106}}],"line":26},"20":{"loc":{"start":{"line":26,"column":24},"end":{"line":26,"column":77}},"type":"binary-expr","locations":[{"start":{"line":26,"column":24},"end":{"line":26,"column":35}},{"start":{"line":26,"column":40},"end":{"line":26,"column":42}},{"start":{"line":26,"column":47},"end":{"line":26,"column":59}},{"start":{"line":26,"column":63},"end":{"line":26,"column":75}}],"line":26},"21":{"loc":{"start":{"line":27,"column":20},"end":{"line":27,"column":89}},"type":"if","locations":[{"start":{"line":27,"column":20},"end":{"line":27,"column":89}},{"start":{"line":27,"column":20},"end":{"line":27,"column":89}}],"line":27},"22":{"loc":{"start":{"line":27,"column":24},"end":{"line":27,"column":53}},"type":"binary-expr","locations":[{"start":{"line":27,"column":24},"end":{"line":27,"column":35}},{"start":{"line":27,"column":39},"end":{"line":27,"column":53}}],"line":27},"23":{"loc":{"start":{"line":28,"column":20},"end":{"line":28,"column":87}},"type":"if","locations":[{"start":{"line":28,"column":20},"end":{"line":28,"column":87}},{"start":{"line":28,"column":20},"end":{"line":28,"column":87}}],"line":28},"24":{"loc":{"start":{"line":28,"column":24},"end":{"line":28,"column":43}},"type":"binary-expr","locations":[{"start":{"line":28,"column":24},"end":{"line":28,"column":25}},{"start":{"line":28,"column":29},"end":{"line":28,"column":43}}],"line":28},"25":{"loc":{"start":{"line":29,"column":20},"end":{"line":29,"column":42}},"type":"if","locations":[{"start":{"line":29,"column":20},"end":{"line":29,"column":42}},{"start":{"line":29,"column":20},"end":{"line":29,"column":42}}],"line":29},"26":{"loc":{"start":{"line":34,"column":8},"end":{"line":34,"column":35}},"type":"if","locations":[{"start":{"line":34,"column":8},"end":{"line":34,"column":35}},{"start":{"line":34,"column":8},"end":{"line":34,"column":35}}],"line":34},"27":{"loc":{"start":{"line":34,"column":52},"end":{"line":34,"column":74}},"type":"cond-expr","locations":[{"start":{"line":34,"column":60},"end":{"line":34,"column":65}},{"start":{"line":34,"column":68},"end":{"line":34,"column":74}}],"line":34},"28":{"loc":{"start":{"line":75,"column":20},"end":{"line":84,"column":21}},"type":"switch","locations":[{"start":{"line":76,"column":24},"end":{"line":80,"column":94}},{"start":{"line":81,"column":24},"end":{"line":83,"column":50}}],"line":75},"29":{"loc":{"start":{"line":107,"column":20},"end":{"line":123,"column":21}},"type":"switch","locations":[{"start":{"line":108,"column":24},"end":{"line":118,"column":96}},{"start":{"line":119,"column":24},"end":{"line":122,"column":50}}],"line":107},"30":{"loc":{"start":{"line":158,"column":20},"end":{"line":183,"column":21}},"type":"switch","locations":[{"start":{"line":159,"column":24},"end":{"line":170,"column":41}},{"start":{"line":171,"column":24},"end":{"line":173,"column":96}},{"start":{"line":174,"column":24},"end":{"line":176,"column":52}},{"start":{"line":177,"column":24},"end":{"line":181,"column":52}},{"start":{"line":182,"column":24},"end":{"line":182,"column":54}}],"line":158}},"s":{"0":1,"1":3,"2":2,"3":2,"4":0,"5":1,"6":1,"7":0,"8":6,"9":3,"10":3,"11":1,"12":3,"13":4,"14":1,"15":3,"16":3,"17":0,"18":9,"19":6,"20":6,"21":0,"22":6,"23":15,"24":15,"25":0,"26":15,"27":0,"28":15,"29":6,"30":6,"31":3,"32":3,"33":0,"34":0,"35":0,"36":0,"37":0,"38":0,"39":0,"40":6,"41":3,"42":3,"43":3,"44":1,"45":1,"46":2,"47":1,"48":1,"49":1,"50":1,"51":0,"52":0,"53":0,"54":1,"55":0,"56":1,"57":1,"58":8,"59":1,"60":1,"61":15,"62":3,"63":0,"64":3,"65":1,"66":1,"67":1,"68":1,"69":1,"70":1,"71":1,"72":1,"73":1,"74":1,"75":1,"76":1,"77":1,"78":1,"79":1,"80":1,"81":1,"82":1,"83":1,"84":1,"85":1,"86":1,"87":1,"88":1,"89":2,"90":1,"91":1,"92":1,"93":1,"94":1,"95":1,"96":1,"97":1,"98":1,"99":1,"100":1,"101":1,"102":1,"103":1,"104":1,"105":1,"106":1,"107":1,"108":2,"109":1,"110":1,"111":1,"112":1,"113":1,"114":1,"115":1,"116":1,"117":1,"118":1,"119":1,"120":1,"121":1,"122":1,"123":1,"124":1,"125":1,"126":1,"127":1,"128":1,"129":1,"130":1,"131":1,"132":1,"133":1,"134":1,"135":1,"136":1,"137":1,"138":1,"139":4,"140":1,"141":1,"142":1,"143":1,"144":1,"145":1,"146":1,"147":1,"148":1,"149":1,"150":1,"151":1,"152":1,"153":0,"154":1,"155":1,"156":1,"157":1,"158":1,"159":1,"160":1,"161":1,"162":1,"163":1,"164":1,"165":1,"166":1,"167":1,"168":1,"169":1,"170":1,"171":1,"172":1},"f":{"0":3,"1":3,"2":2,"3":1,"4":6,"5":3,"6":3,"7":4,"8":0,"9":9,"10":6,"11":6,"12":1,"13":1,"14":1,"15":1,"16":1,"17":1,"18":1,"19":1,"20":1,"21":2,"22":1,"23":1,"24":1,"25":1,"26":1,"27":1,"28":2,"29":0,"30":1,"31":1,"32":1,"33":1,"34":1,"35":1,"36":1,"37":1,"38":4,"39":0,"40":1,"41":1,"42":1,"43":1,"44":1,"45":1},"b":{"0":[1,1,1],"1":[3,3],"2":[3,3],"3":[3,3],"4":[1,1,1],"5":[1,3],"6":[3,3],"7":[0,6],"8":[0,15],"9":[15,0,0],"10":[0,0],"11":[0,0],"12":[0,0],"13":[0,0],"14":[0,15],"15":[5,6,3,0,0,6],"16":[3,3],"17":[6,4,4],"18":[6,2],"19":[1,2],"20":[3,2,1,1],"21":[1,1],"22":[2,1],"23":[0,1],"24":[1,1],"25":[0,1],"26":[0,3],"27":[3,0],"28":[1,1],"29":[1,1],"30":[1,1,1,1,1]},"_coverageSchema":"d34fc3e6b8297bcde183f5492bcb8fcb36775295","hash":"51a1c6ec91df5ed4fb11af8a222999843c1166e1","contentHash":"8762391ec827562a03c40fa02d4d6a01_12.0.2"},"/Users/Shared/Projects/COMOrderDetailService/src/common/KafkaFactory.ts":{"path":"/Users/Shared/Projects/COMOrderDetailService/src/common/KafkaFactory.ts","statementMap":{"0":{"start":{"line":2,"column":16},"end":{"line":9,"column":1}},"1":{"start":{"line":3,"column":4},"end":{"line":8,"column":7}},"2":{"start":{"line":4,"column":36},"end":{"line":4,"column":97}},"3":{"start":{"line":4,"column":42},"end":{"line":4,"column":70}},"4":{"start":{"line":4,"column":85},"end":{"line":4,"column":95}},"5":{"start":{"line":5,"column":35},"end":{"line":5,"column":100}},"6":{"start":{"line":5,"column":41},"end":{"line":5,"column":73}},"7":{"start":{"line":5,"column":88},"end":{"line":5,"column":98}},"8":{"start":{"line":6,"column":32},"end":{"line":6,"column":149}},"9":{"start":{"line":6,"column":97},"end":{"line":6,"column":119}},"10":{"start":{"line":7,"column":8},"end":{"line":7,"column":78}},"11":{"start":{"line":10,"column":18},"end":{"line":36,"column":1}},"12":{"start":{"line":11,"column":12},"end":{"line":11,"column":104}},"13":{"start":{"line":11,"column":43},"end":{"line":11,"column":68}},"14":{"start":{"line":11,"column":57},"end":{"line":11,"column":68}},"15":{"start":{"line":11,"column":69},"end":{"line":11,"column":81}},"16":{"start":{"line":12,"column":4},"end":{"line":12,"column":157}},"17":{"start":{"line":12,"column":138},"end":{"line":12,"column":150}},"18":{"start":{"line":13,"column":23},"end":{"line":13,"column":68}},"19":{"start":{"line":13,"column":45},"end":{"line":13,"column":65}},"20":{"start":{"line":15,"column":8},"end":{"line":15,"column":70}},"21":{"start":{"line":15,"column":15},"end":{"line":15,"column":70}},"22":{"start":{"line":16,"column":8},"end":{"line":33,"column":66}},"23":{"start":{"line":16,"column":18},"end":{"line":33,"column":66}},"24":{"start":{"line":17,"column":12},"end":{"line":17,"column":169}},"25":{"start":{"line":17,"column":160},"end":{"line":17,"column":169}},"26":{"start":{"line":18,"column":12},"end":{"line":18,"column":52}},"27":{"start":{"line":18,"column":26},"end":{"line":18,"column":52}},"28":{"start":{"line":19,"column":12},"end":{"line":31,"column":13}},"29":{"start":{"line":20,"column":32},"end":{"line":20,"column":39}},"30":{"start":{"line":20,"column":40},"end":{"line":20,"column":46}},"31":{"start":{"line":21,"column":24},"end":{"line":21,"column":34}},"32":{"start":{"line":21,"column":35},"end":{"line":21,"column":72}},"33":{"start":{"line":22,"column":24},"end":{"line":22,"column":34}},"34":{"start":{"line":22,"column":35},"end":{"line":22,"column":45}},"35":{"start":{"line":22,"column":46},"end":{"line":22,"column":55}},"36":{"start":{"line":22,"column":56},"end":{"line":22,"column":65}},"37":{"start":{"line":23,"column":24},"end":{"line":23,"column":41}},"38":{"start":{"line":23,"column":42},"end":{"line":23,"column":55}},"39":{"start":{"line":23,"column":56},"end":{"line":23,"column":65}},"40":{"start":{"line":25,"column":20},"end":{"line":25,"column":128}},"41":{"start":{"line":25,"column":110},"end":{"line":25,"column":116}},"42":{"start":{"line":25,"column":117},"end":{"line":25,"column":126}},"43":{"start":{"line":26,"column":20},"end":{"line":26,"column":106}},"44":{"start":{"line":26,"column":81},"end":{"line":26,"column":97}},"45":{"start":{"line":26,"column":98},"end":{"line":26,"column":104}},"46":{"start":{"line":27,"column":20},"end":{"line":27,"column":89}},"47":{"start":{"line":27,"column":57},"end":{"line":27,"column":72}},"48":{"start":{"line":27,"column":73},"end":{"line":27,"column":80}},"49":{"start":{"line":27,"column":81},"end":{"line":27,"column":87}},"50":{"start":{"line":28,"column":20},"end":{"line":28,"column":87}},"51":{"start":{"line":28,"column":47},"end":{"line":28,"column":62}},"52":{"start":{"line":28,"column":63},"end":{"line":28,"column":78}},"53":{"start":{"line":28,"column":79},"end":{"line":28,"column":85}},"54":{"start":{"line":29,"column":20},"end":{"line":29,"column":42}},"55":{"start":{"line":29,"column":30},"end":{"line":29,"column":42}},"56":{"start":{"line":30,"column":20},"end":{"line":30,"column":33}},"57":{"start":{"line":30,"column":34},"end":{"line":30,"column":43}},"58":{"start":{"line":32,"column":12},"end":{"line":32,"column":39}},"59":{"start":{"line":33,"column":22},"end":{"line":33,"column":34}},"60":{"start":{"line":33,"column":35},"end":{"line":33,"column":41}},"61":{"start":{"line":33,"column":54},"end":{"line":33,"column":64}},"62":{"start":{"line":34,"column":8},"end":{"line":34,"column":35}},"63":{"start":{"line":34,"column":23},"end":{"line":34,"column":35}},"64":{"start":{"line":34,"column":36},"end":{"line":34,"column":89}},"65":{"start":{"line":37,"column":0},"end":{"line":37,"column":62}},"66":{"start":{"line":38,"column":19},"end":{"line":38,"column":40}},"67":{"start":{"line":39,"column":12},"end":{"line":39,"column":37}},"68":{"start":{"line":47,"column":34},"end":{"line":120,"column":3}},"69":{"start":{"line":55,"column":4},"end":{"line":68,"column":6}},"70":{"start":{"line":56,"column":20},"end":{"line":56,"column":24}},"71":{"start":{"line":57,"column":8},"end":{"line":67,"column":11}},"72":{"start":{"line":58,"column":30},"end":{"line":58,"column":67}},"73":{"start":{"line":59,"column":12},"end":{"line":62,"column":15}},"74":{"start":{"line":60,"column":16},"end":{"line":60,"column":89}},"75":{"start":{"line":61,"column":16},"end":{"line":61,"column":37}},"76":{"start":{"line":63,"column":12},"end":{"line":66,"column":15}},"77":{"start":{"line":64,"column":16},"end":{"line":64,"column":100}},"78":{"start":{"line":65,"column":16},"end":{"line":65,"column":83}},"79":{"start":{"line":76,"column":4},"end":{"line":78,"column":6}},"80":{"start":{"line":77,"column":8},"end":{"line":77,"column":140}},"81":{"start":{"line":84,"column":4},"end":{"line":86,"column":6}},"82":{"start":{"line":85,"column":8},"end":{"line":85,"column":54}},"83":{"start":{"line":92,"column":4},"end":{"line":109,"column":6}},"84":{"start":{"line":93,"column":8},"end":{"line":108,"column":11}},"85":{"start":{"line":95,"column":12},"end":{"line":107,"column":15}},"86":{"start":{"line":96,"column":16},"end":{"line":106,"column":17}},"87":{"start":{"line":97,"column":28},"end":{"line":97,"column":89}},"88":{"start":{"line":99,"column":24},"end":{"line":99,"column":43}},"89":{"start":{"line":100,"column":24},"end":{"line":104,"column":27}},"90":{"start":{"line":105,"column":24},"end":{"line":105,"column":56}},"91":{"start":{"line":110,"column":4},"end":{"line":118,"column":6}},"92":{"start":{"line":111,"column":8},"end":{"line":117,"column":11}},"93":{"start":{"line":112,"column":25},"end":{"line":112,"column":61}},"94":{"start":{"line":113,"column":12},"end":{"line":116,"column":15}},"95":{"start":{"line":114,"column":16},"end":{"line":114,"column":51}},"96":{"start":{"line":115,"column":16},"end":{"line":115,"column":47}},"97":{"start":{"line":119,"column":4},"end":{"line":119,"column":24}},"98":{"start":{"line":121,"column":0},"end":{"line":121,"column":36}}},"fnMap":{"0":{"name":"(anonymous_0)","decl":{"start":{"line":2,"column":44},"end":{"line":2,"column":45}},"loc":{"start":{"line":2,"column":89},"end":{"line":9,"column":1}},"line":2},"1":{"name":"(anonymous_1)","decl":{"start":{"line":3,"column":36},"end":{"line":3,"column":37}},"loc":{"start":{"line":3,"column":63},"end":{"line":8,"column":5}},"line":3},"2":{"name":"fulfilled","decl":{"start":{"line":4,"column":17},"end":{"line":4,"column":26}},"loc":{"start":{"line":4,"column":34},"end":{"line":4,"column":99}},"line":4},"3":{"name":"rejected","decl":{"start":{"line":5,"column":17},"end":{"line":5,"column":25}},"loc":{"start":{"line":5,"column":33},"end":{"line":5,"column":102}},"line":5},"4":{"name":"step","decl":{"start":{"line":6,"column":17},"end":{"line":6,"column":21}},"loc":{"start":{"line":6,"column":30},"end":{"line":6,"column":151}},"line":6},"5":{"name":"(anonymous_5)","decl":{"start":{"line":6,"column":76},"end":{"line":6,"column":77}},"loc":{"start":{"line":6,"column":95},"end":{"line":6,"column":121}},"line":6},"6":{"name":"(anonymous_6)","decl":{"start":{"line":10,"column":48},"end":{"line":10,"column":49}},"loc":{"start":{"line":10,"column":73},"end":{"line":36,"column":1}},"line":10},"7":{"name":"(anonymous_7)","decl":{"start":{"line":11,"column":30},"end":{"line":11,"column":31}},"loc":{"start":{"line":11,"column":41},"end":{"line":11,"column":83}},"line":11},"8":{"name":"(anonymous_8)","decl":{"start":{"line":12,"column":125},"end":{"line":12,"column":126}},"loc":{"start":{"line":12,"column":136},"end":{"line":12,"column":152}},"line":12},"9":{"name":"verb","decl":{"start":{"line":13,"column":13},"end":{"line":13,"column":17}},"loc":{"start":{"line":13,"column":21},"end":{"line":13,"column":70}},"line":13},"10":{"name":"(anonymous_10)","decl":{"start":{"line":13,"column":30},"end":{"line":13,"column":31}},"loc":{"start":{"line":13,"column":43},"end":{"line":13,"column":67}},"line":13},"11":{"name":"step","decl":{"start":{"line":14,"column":13},"end":{"line":14,"column":17}},"loc":{"start":{"line":14,"column":22},"end":{"line":35,"column":5}},"line":14},"12":{"name":"(anonymous_12)","decl":{"start":{"line":47,"column":34},"end":{"line":47,"column":35}},"loc":{"start":{"line":47,"column":46},"end":{"line":120,"column":1}},"line":47},"13":{"name":"KafkaFactory","decl":{"start":{"line":48,"column":13},"end":{"line":48,"column":25}},"loc":{"start":{"line":48,"column":28},"end":{"line":49,"column":5}},"line":48},"14":{"name":"(anonymous_14)","decl":{"start":{"line":55,"column":42},"end":{"line":55,"column":43}},"loc":{"start":{"line":55,"column":58},"end":{"line":68,"column":5}},"line":55},"15":{"name":"(anonymous_15)","decl":{"start":{"line":57,"column":27},"end":{"line":57,"column":28}},"loc":{"start":{"line":57,"column":54},"end":{"line":67,"column":9}},"line":57},"16":{"name":"(anonymous_16)","decl":{"start":{"line":59,"column":36},"end":{"line":59,"column":37}},"loc":{"start":{"line":59,"column":48},"end":{"line":62,"column":13}},"line":59},"17":{"name":"(anonymous_17)","decl":{"start":{"line":63,"column":36},"end":{"line":63,"column":37}},"loc":{"start":{"line":63,"column":51},"end":{"line":66,"column":13}},"line":63},"18":{"name":"(anonymous_18)","decl":{"start":{"line":76,"column":47},"end":{"line":76,"column":48}},"loc":{"start":{"line":76,"column":88},"end":{"line":78,"column":5}},"line":76},"19":{"name":"(anonymous_19)","decl":{"start":{"line":84,"column":44},"end":{"line":84,"column":45}},"loc":{"start":{"line":84,"column":67},"end":{"line":86,"column":5}},"line":84},"20":{"name":"(anonymous_20)","decl":{"start":{"line":92,"column":44},"end":{"line":92,"column":45}},"loc":{"start":{"line":92,"column":78},"end":{"line":109,"column":5}},"line":92},"21":{"name":"(anonymous_21)","decl":{"start":{"line":93,"column":47},"end":{"line":93,"column":48}},"loc":{"start":{"line":93,"column":59},"end":{"line":108,"column":9}},"line":93},"22":{"name":"(anonymous_22)","decl":{"start":{"line":95,"column":37},"end":{"line":95,"column":38}},"loc":{"start":{"line":95,"column":51},"end":{"line":107,"column":13}},"line":95},"23":{"name":"(anonymous_23)","decl":{"start":{"line":110,"column":39},"end":{"line":110,"column":40}},"loc":{"start":{"line":110,"column":73},"end":{"line":118,"column":5}},"line":110},"24":{"name":"(anonymous_24)","decl":{"start":{"line":111,"column":27},"end":{"line":111,"column":28}},"loc":{"start":{"line":111,"column":54},"end":{"line":117,"column":9}},"line":111},"25":{"name":"(anonymous_25)","decl":{"start":{"line":113,"column":53},"end":{"line":113,"column":54}},"loc":{"start":{"line":113,"column":79},"end":{"line":116,"column":13}},"line":113}},"branchMap":{"0":{"loc":{"start":{"line":2,"column":16},"end":{"line":9,"column":1}},"type":"binary-expr","locations":[{"start":{"line":2,"column":17},"end":{"line":2,"column":21}},{"start":{"line":2,"column":25},"end":{"line":2,"column":39}},{"start":{"line":2,"column":44},"end":{"line":9,"column":1}}],"line":2},"1":{"loc":{"start":{"line":3,"column":16},"end":{"line":3,"column":34}},"type":"binary-expr","locations":[{"start":{"line":3,"column":16},"end":{"line":3,"column":17}},{"start":{"line":3,"column":22},"end":{"line":3,"column":33}}],"line":3},"2":{"loc":{"start":{"line":6,"column":32},"end":{"line":6,"column":148}},"type":"cond-expr","locations":[{"start":{"line":6,"column":46},"end":{"line":6,"column":67}},{"start":{"line":6,"column":70},"end":{"line":6,"column":148}}],"line":6},"3":{"loc":{"start":{"line":7,"column":51},"end":{"line":7,"column":67}},"type":"binary-expr","locations":[{"start":{"line":7,"column":51},"end":{"line":7,"column":61}},{"start":{"line":7,"column":65},"end":{"line":7,"column":67}}],"line":7},"4":{"loc":{"start":{"line":10,"column":18},"end":{"line":36,"column":1}},"type":"binary-expr","locations":[{"start":{"line":10,"column":19},"end":{"line":10,"column":23}},{"start":{"line":10,"column":27},"end":{"line":10,"column":43}},{"start":{"line":10,"column":48},"end":{"line":36,"column":1}}],"line":10},"5":{"loc":{"start":{"line":11,"column":43},"end":{"line":11,"column":68}},"type":"if","locations":[{"start":{"line":11,"column":43},"end":{"line":11,"column":68}},{"start":{"line":11,"column":43},"end":{"line":11,"column":68}}],"line":11},"6":{"loc":{"start":{"line":12,"column":71},"end":{"line":12,"column":153}},"type":"binary-expr","locations":[{"start":{"line":12,"column":71},"end":{"line":12,"column":99}},{"start":{"line":12,"column":104},"end":{"line":12,"column":152}}],"line":12},"7":{"loc":{"start":{"line":15,"column":8},"end":{"line":15,"column":70}},"type":"if","locations":[{"start":{"line":15,"column":8},"end":{"line":15,"column":70}},{"start":{"line":15,"column":8},"end":{"line":15,"column":70}}],"line":15},"8":{"loc":{"start":{"line":17,"column":12},"end":{"line":17,"column":169}},"type":"if","locations":[{"start":{"line":17,"column":12},"end":{"line":17,"column":169}},{"start":{"line":17,"column":12},"end":{"line":17,"column":169}}],"line":17},"9":{"loc":{"start":{"line":17,"column":23},"end":{"line":17,"column":158}},"type":"binary-expr","locations":[{"start":{"line":17,"column":23},"end":{"line":17,"column":24}},{"start":{"line":17,"column":29},"end":{"line":17,"column":125}},{"start":{"line":17,"column":130},"end":{"line":17,"column":158}}],"line":17},"10":{"loc":{"start":{"line":17,"column":33},"end":{"line":17,"column":125}},"type":"cond-expr","locations":[{"start":{"line":17,"column":45},"end":{"line":17,"column":56}},{"start":{"line":17,"column":59},"end":{"line":17,"column":125}}],"line":17},"11":{"loc":{"start":{"line":17,"column":59},"end":{"line":17,"column":125}},"type":"cond-expr","locations":[{"start":{"line":17,"column":67},"end":{"line":17,"column":116}},{"start":{"line":17,"column":119},"end":{"line":17,"column":125}}],"line":17},"12":{"loc":{"start":{"line":17,"column":67},"end":{"line":17,"column":116}},"type":"binary-expr","locations":[{"start":{"line":17,"column":67},"end":{"line":17,"column":77}},{"start":{"line":17,"column":82},"end":{"line":17,"column":115}}],"line":17},"13":{"loc":{"start":{"line":17,"column":82},"end":{"line":17,"column":112}},"type":"binary-expr","locations":[{"start":{"line":17,"column":83},"end":{"line":17,"column":98}},{"start":{"line":17,"column":103},"end":{"line":17,"column":112}}],"line":17},"14":{"loc":{"start":{"line":18,"column":12},"end":{"line":18,"column":52}},"type":"if","locations":[{"start":{"line":18,"column":12},"end":{"line":18,"column":52}},{"start":{"line":18,"column":12},"end":{"line":18,"column":52}}],"line":18},"15":{"loc":{"start":{"line":19,"column":12},"end":{"line":31,"column":13}},"type":"switch","locations":[{"start":{"line":20,"column":16},"end":{"line":20,"column":23}},{"start":{"line":20,"column":24},"end":{"line":20,"column":46}},{"start":{"line":21,"column":16},"end":{"line":21,"column":72}},{"start":{"line":22,"column":16},"end":{"line":22,"column":65}},{"start":{"line":23,"column":16},"end":{"line":23,"column":65}},{"start":{"line":24,"column":16},"end":{"line":30,"column":43}}],"line":19},"16":{"loc":{"start":{"line":25,"column":20},"end":{"line":25,"column":128}},"type":"if","locations":[{"start":{"line":25,"column":20},"end":{"line":25,"column":128}},{"start":{"line":25,"column":20},"end":{"line":25,"column":128}}],"line":25},"17":{"loc":{"start":{"line":25,"column":24},"end":{"line":25,"column":106}},"type":"binary-expr","locations":[{"start":{"line":25,"column":24},"end":{"line":25,"column":74}},{"start":{"line":25,"column":79},"end":{"line":25,"column":90}},{"start":{"line":25,"column":94},"end":{"line":25,"column":105}}],"line":25},"18":{"loc":{"start":{"line":25,"column":42},"end":{"line":25,"column":73}},"type":"binary-expr","locations":[{"start":{"line":25,"column":42},"end":{"line":25,"column":54}},{"start":{"line":25,"column":58},"end":{"line":25,"column":73}}],"line":25},"19":{"loc":{"start":{"line":26,"column":20},"end":{"line":26,"column":106}},"type":"if","locations":[{"start":{"line":26,"column":20},"end":{"line":26,"column":106}},{"start":{"line":26,"column":20},"end":{"line":26,"column":106}}],"line":26},"20":{"loc":{"start":{"line":26,"column":24},"end":{"line":26,"column":77}},"type":"binary-expr","locations":[{"start":{"line":26,"column":24},"end":{"line":26,"column":35}},{"start":{"line":26,"column":40},"end":{"line":26,"column":42}},{"start":{"line":26,"column":47},"end":{"line":26,"column":59}},{"start":{"line":26,"column":63},"end":{"line":26,"column":75}}],"line":26},"21":{"loc":{"start":{"line":27,"column":20},"end":{"line":27,"column":89}},"type":"if","locations":[{"start":{"line":27,"column":20},"end":{"line":27,"column":89}},{"start":{"line":27,"column":20},"end":{"line":27,"column":89}}],"line":27},"22":{"loc":{"start":{"line":27,"column":24},"end":{"line":27,"column":53}},"type":"binary-expr","locations":[{"start":{"line":27,"column":24},"end":{"line":27,"column":35}},{"start":{"line":27,"column":39},"end":{"line":27,"column":53}}],"line":27},"23":{"loc":{"start":{"line":28,"column":20},"end":{"line":28,"column":87}},"type":"if","locations":[{"start":{"line":28,"column":20},"end":{"line":28,"column":87}},{"start":{"line":28,"column":20},"end":{"line":28,"column":87}}],"line":28},"24":{"loc":{"start":{"line":28,"column":24},"end":{"line":28,"column":43}},"type":"binary-expr","locations":[{"start":{"line":28,"column":24},"end":{"line":28,"column":25}},{"start":{"line":28,"column":29},"end":{"line":28,"column":43}}],"line":28},"25":{"loc":{"start":{"line":29,"column":20},"end":{"line":29,"column":42}},"type":"if","locations":[{"start":{"line":29,"column":20},"end":{"line":29,"column":42}},{"start":{"line":29,"column":20},"end":{"line":29,"column":42}}],"line":29},"26":{"loc":{"start":{"line":34,"column":8},"end":{"line":34,"column":35}},"type":"if","locations":[{"start":{"line":34,"column":8},"end":{"line":34,"column":35}},{"start":{"line":34,"column":8},"end":{"line":34,"column":35}}],"line":34},"27":{"loc":{"start":{"line":34,"column":52},"end":{"line":34,"column":74}},"type":"cond-expr","locations":[{"start":{"line":34,"column":60},"end":{"line":34,"column":65}},{"start":{"line":34,"column":68},"end":{"line":34,"column":74}}],"line":34},"28":{"loc":{"start":{"line":96,"column":16},"end":{"line":106,"column":17}},"type":"switch","locations":[{"start":{"line":97,"column":20},"end":{"line":97,"column":89}},{"start":{"line":98,"column":20},"end":{"line":105,"column":56}}],"line":96}},"s":{"0":1,"1":0,"2":0,"3":0,"4":0,"5":0,"6":0,"7":0,"8":0,"9":0,"10":0,"11":1,"12":0,"13":0,"14":0,"15":0,"16":0,"17":0,"18":0,"19":0,"20":0,"21":0,"22":0,"23":0,"24":0,"25":0,"26":0,"27":0,"28":0,"29":0,"30":0,"31":0,"32":0,"33":0,"34":0,"35":0,"36":0,"37":0,"38":0,"39":0,"40":0,"41":0,"42":0,"43":0,"44":0,"45":0,"46":0,"47":0,"48":0,"49":0,"50":0,"51":0,"52":0,"53":0,"54":0,"55":0,"56":0,"57":0,"58":0,"59":0,"60":0,"61":0,"62":0,"63":0,"64":0,"65":1,"66":1,"67":1,"68":1,"69":1,"70":0,"71":0,"72":0,"73":0,"74":0,"75":0,"76":0,"77":0,"78":0,"79":1,"80":0,"81":1,"82":0,"83":1,"84":0,"85":0,"86":0,"87":0,"88":0,"89":0,"90":0,"91":1,"92":0,"93":0,"94":0,"95":0,"96":0,"97":1,"98":1},"f":{"0":0,"1":0,"2":0,"3":0,"4":0,"5":0,"6":0,"7":0,"8":0,"9":0,"10":0,"11":0,"12":1,"13":2,"14":0,"15":0,"16":0,"17":0,"18":0,"19":0,"20":0,"21":0,"22":0,"23":0,"24":0,"25":0},"b":{"0":[1,1,1],"1":[0,0],"2":[0,0],"3":[0,0],"4":[1,1,1],"5":[0,0],"6":[0,0],"7":[0,0],"8":[0,0],"9":[0,0,0],"10":[0,0],"11":[0,0],"12":[0,0],"13":[0,0],"14":[0,0],"15":[0,0,0,0,0,0],"16":[0,0],"17":[0,0,0],"18":[0,0],"19":[0,0],"20":[0,0,0,0],"21":[0,0],"22":[0,0],"23":[0,0],"24":[0,0],"25":[0,0],"26":[0,0],"27":[0,0],"28":[0,0]},"_coverageSchema":"d34fc3e6b8297bcde183f5492bcb8fcb36775295","hash":"f7f389236236bdbf77887c9cf374a29208aefeb5","contentHash":"f5ec2be29819f43112f8b0e530fa69dc_12.0.2"},"/Users/Shared/Projects/COMOrderDetailService/src/logging/Log.ts":{"path":"/Users/Shared/Projects/COMOrderDetailService/src/logging/Log.ts","statementMap":{"0":{"start":{"line":2,"column":0},"end":{"line":2,"column":62}},"1":{"start":{"line":3,"column":18},"end":{"line":3,"column":49}},"2":{"start":{"line":4,"column":14},"end":{"line":4,"column":32}},"3":{"start":{"line":5,"column":9},"end":{"line":5,"column":23}},"4":{"start":{"line":5,"column":35},"end":{"line":5,"column":45}},"5":{"start":{"line":5,"column":59},"end":{"line":5,"column":71}},"6":{"start":{"line":5,"column":81},"end":{"line":5,"column":89}},"7":{"start":{"line":5,"column":100},"end":{"line":5,"column":109}},"8":{"start":{"line":9,"column":25},"end":{"line":22,"column":3}},"9":{"start":{"line":14,"column":8},"end":{"line":19,"column":11}},"10":{"start":{"line":21,"column":4},"end":{"line":21,"column":15}},"11":{"start":{"line":23,"column":0},"end":{"line":23,"column":18}},"12":{"start":{"line":24,"column":15},"end":{"line":27,"column":2}},"13":{"start":{"line":25,"column":16},"end":{"line":25,"column":48}},"14":{"start":{"line":26,"column":4},"end":{"line":26,"column":87}},"15":{"start":{"line":29,"column":0},"end":{"line":29,"column":32}}},"fnMap":{"0":{"name":"(anonymous_0)","decl":{"start":{"line":9,"column":25},"end":{"line":9,"column":26}},"loc":{"start":{"line":9,"column":37},"end":{"line":22,"column":1}},"line":9},"1":{"name":"Log","decl":{"start":{"line":13,"column":13},"end":{"line":13,"column":16}},"loc":{"start":{"line":13,"column":19},"end":{"line":20,"column":5}},"line":13},"2":{"name":"(anonymous_2)","decl":{"start":{"line":24,"column":22},"end":{"line":24,"column":23}},"loc":{"start":{"line":24,"column":38},"end":{"line":27,"column":1}},"line":24}},"branchMap":{},"s":{"0":1,"1":1,"2":1,"3":1,"4":1,"5":1,"6":1,"7":1,"8":1,"9":1,"10":1,"11":1,"12":1,"13":20,"14":20,"15":1},"f":{"0":1,"1":1,"2":20},"b":{},"_coverageSchema":"d34fc3e6b8297bcde183f5492bcb8fcb36775295","hash":"f01fc9515605f2dcdf0a9b379ae6524479b8c594","contentHash":"8961a71f9aacf26bd117a75c2e6d0651_12.0.2"},"/Users/Shared/Projects/COMOrderDetailService/src/common/KafkaService.ts":{"path":"/Users/Shared/Projects/COMOrderDetailService/src/common/KafkaService.ts","statementMap":{"0":{"start":{"line":2,"column":16},"end":{"line":9,"column":1}},"1":{"start":{"line":3,"column":4},"end":{"line":8,"column":7}},"2":{"start":{"line":4,"column":36},"end":{"line":4,"column":97}},"3":{"start":{"line":4,"column":42},"end":{"line":4,"column":70}},"4":{"start":{"line":4,"column":85},"end":{"line":4,"column":95}},"5":{"start":{"line":5,"column":35},"end":{"line":5,"column":100}},"6":{"start":{"line":5,"column":41},"end":{"line":5,"column":73}},"7":{"start":{"line":5,"column":88},"end":{"line":5,"column":98}},"8":{"start":{"line":6,"column":32},"end":{"line":6,"column":149}},"9":{"start":{"line":6,"column":97},"end":{"line":6,"column":119}},"10":{"start":{"line":7,"column":8},"end":{"line":7,"column":78}},"11":{"start":{"line":10,"column":18},"end":{"line":36,"column":1}},"12":{"start":{"line":11,"column":12},"end":{"line":11,"column":104}},"13":{"start":{"line":11,"column":43},"end":{"line":11,"column":68}},"14":{"start":{"line":11,"column":57},"end":{"line":11,"column":68}},"15":{"start":{"line":11,"column":69},"end":{"line":11,"column":81}},"16":{"start":{"line":12,"column":4},"end":{"line":12,"column":157}},"17":{"start":{"line":12,"column":138},"end":{"line":12,"column":150}},"18":{"start":{"line":13,"column":23},"end":{"line":13,"column":68}},"19":{"start":{"line":13,"column":45},"end":{"line":13,"column":65}},"20":{"start":{"line":15,"column":8},"end":{"line":15,"column":70}},"21":{"start":{"line":15,"column":15},"end":{"line":15,"column":70}},"22":{"start":{"line":16,"column":8},"end":{"line":33,"column":66}},"23":{"start":{"line":16,"column":18},"end":{"line":33,"column":66}},"24":{"start":{"line":17,"column":12},"end":{"line":17,"column":169}},"25":{"start":{"line":17,"column":160},"end":{"line":17,"column":169}},"26":{"start":{"line":18,"column":12},"end":{"line":18,"column":52}},"27":{"start":{"line":18,"column":26},"end":{"line":18,"column":52}},"28":{"start":{"line":19,"column":12},"end":{"line":31,"column":13}},"29":{"start":{"line":20,"column":32},"end":{"line":20,"column":39}},"30":{"start":{"line":20,"column":40},"end":{"line":20,"column":46}},"31":{"start":{"line":21,"column":24},"end":{"line":21,"column":34}},"32":{"start":{"line":21,"column":35},"end":{"line":21,"column":72}},"33":{"start":{"line":22,"column":24},"end":{"line":22,"column":34}},"34":{"start":{"line":22,"column":35},"end":{"line":22,"column":45}},"35":{"start":{"line":22,"column":46},"end":{"line":22,"column":55}},"36":{"start":{"line":22,"column":56},"end":{"line":22,"column":65}},"37":{"start":{"line":23,"column":24},"end":{"line":23,"column":41}},"38":{"start":{"line":23,"column":42},"end":{"line":23,"column":55}},"39":{"start":{"line":23,"column":56},"end":{"line":23,"column":65}},"40":{"start":{"line":25,"column":20},"end":{"line":25,"column":128}},"41":{"start":{"line":25,"column":110},"end":{"line":25,"column":116}},"42":{"start":{"line":25,"column":117},"end":{"line":25,"column":126}},"43":{"start":{"line":26,"column":20},"end":{"line":26,"column":106}},"44":{"start":{"line":26,"column":81},"end":{"line":26,"column":97}},"45":{"start":{"line":26,"column":98},"end":{"line":26,"column":104}},"46":{"start":{"line":27,"column":20},"end":{"line":27,"column":89}},"47":{"start":{"line":27,"column":57},"end":{"line":27,"column":72}},"48":{"start":{"line":27,"column":73},"end":{"line":27,"column":80}},"49":{"start":{"line":27,"column":81},"end":{"line":27,"column":87}},"50":{"start":{"line":28,"column":20},"end":{"line":28,"column":87}},"51":{"start":{"line":28,"column":47},"end":{"line":28,"column":62}},"52":{"start":{"line":28,"column":63},"end":{"line":28,"column":78}},"53":{"start":{"line":28,"column":79},"end":{"line":28,"column":85}},"54":{"start":{"line":29,"column":20},"end":{"line":29,"column":42}},"55":{"start":{"line":29,"column":30},"end":{"line":29,"column":42}},"56":{"start":{"line":30,"column":20},"end":{"line":30,"column":33}},"57":{"start":{"line":30,"column":34},"end":{"line":30,"column":43}},"58":{"start":{"line":32,"column":12},"end":{"line":32,"column":39}},"59":{"start":{"line":33,"column":22},"end":{"line":33,"column":34}},"60":{"start":{"line":33,"column":35},"end":{"line":33,"column":41}},"61":{"start":{"line":33,"column":54},"end":{"line":33,"column":64}},"62":{"start":{"line":34,"column":8},"end":{"line":34,"column":35}},"63":{"start":{"line":34,"column":23},"end":{"line":34,"column":35}},"64":{"start":{"line":34,"column":36},"end":{"line":34,"column":89}},"65":{"start":{"line":37,"column":0},"end":{"line":37,"column":62}},"66":{"start":{"line":38,"column":12},"end":{"line":38,"column":37}},"67":{"start":{"line":39,"column":34},"end":{"line":122,"column":3}},"68":{"start":{"line":48,"column":20},"end":{"line":48,"column":24}},"69":{"start":{"line":49,"column":8},"end":{"line":49,"column":41}},"70":{"start":{"line":50,"column":8},"end":{"line":50,"column":25}},"71":{"start":{"line":51,"column":8},"end":{"line":51,"column":31}},"72":{"start":{"line":55,"column":8},"end":{"line":79,"column":14}},"73":{"start":{"line":55,"column":64},"end":{"line":79,"column":11}},"74":{"start":{"line":57,"column":12},"end":{"line":78,"column":15}},"75":{"start":{"line":58,"column":16},"end":{"line":77,"column":17}},"76":{"start":{"line":59,"column":28},"end":{"line":59,"column":92}},"77":{"start":{"line":61,"column":24},"end":{"line":61,"column":48}},"78":{"start":{"line":62,"column":24},"end":{"line":62,"column":85}},"79":{"start":{"line":64,"column":24},"end":{"line":76,"column":32}},"80":{"start":{"line":65,"column":32},"end":{"line":65,"column":112}},"81":{"start":{"line":66,"column":32},"end":{"line":75,"column":35}},"82":{"start":{"line":67,"column":36},"end":{"line":74,"column":37}},"83":{"start":{"line":68,"column":40},"end":{"line":68,"column":130}},"84":{"start":{"line":69,"column":40},"end":{"line":69,"column":138}},"85":{"start":{"line":72,"column":40},"end":{"line":72,"column":87}},"86":{"start":{"line":73,"column":40},"end":{"line":73,"column":54}},"87":{"start":{"line":81,"column":8},"end":{"line":81,"column":53}},"88":{"start":{"line":82,"column":8},"end":{"line":85,"column":9}},"89":{"start":{"line":83,"column":12},"end":{"line":83,"column":117}},"90":{"start":{"line":84,"column":12},"end":{"line":84,"column":34}},"91":{"start":{"line":87,"column":4},"end":{"line":105,"column":6}},"92":{"start":{"line":88,"column":8},"end":{"line":104,"column":11}},"93":{"start":{"line":90,"column":12},"end":{"line":103,"column":15}},"94":{"start":{"line":91,"column":16},"end":{"line":102,"column":17}},"95":{"start":{"line":92,"column":28},"end":{"line":92,"column":92}},"96":{"start":{"line":94,"column":24},"end":{"line":94,"column":48}},"97":{"start":{"line":95,"column":24},"end":{"line":95,"column":103}},"98":{"start":{"line":97,"column":24},"end":{"line":97,"column":50}},"99":{"start":{"line":98,"column":24},"end":{"line":100,"column":27}},"100":{"start":{"line":99,"column":28},"end":{"line":99,"column":40}},"101":{"start":{"line":101,"column":24},"end":{"line":101,"column":46}},"102":{"start":{"line":106,"column":4},"end":{"line":120,"column":6}},"103":{"start":{"line":107,"column":8},"end":{"line":119,"column":11}},"104":{"start":{"line":108,"column":12},"end":{"line":118,"column":15}},"105":{"start":{"line":109,"column":16},"end":{"line":117,"column":17}},"106":{"start":{"line":111,"column":24},"end":{"line":114,"column":25}},"107":{"start":{"line":112,"column":28},"end":{"line":112,"column":102}},"108":{"start":{"line":113,"column":28},"end":{"line":113,"column":56}},"109":{"start":{"line":115,"column":24},"end":{"line":115,"column":94}},"110":{"start":{"line":116,"column":28},"end":{"line":116,"column":61}},"111":{"start":{"line":121,"column":4},"end":{"line":121,"column":24}},"112":{"start":{"line":123,"column":0},"end":{"line":123,"column":36}}},"fnMap":{"0":{"name":"(anonymous_0)","decl":{"start":{"line":2,"column":44},"end":{"line":2,"column":45}},"loc":{"start":{"line":2,"column":89},"end":{"line":9,"column":1}},"line":2},"1":{"name":"(anonymous_1)","decl":{"start":{"line":3,"column":36},"end":{"line":3,"column":37}},"loc":{"start":{"line":3,"column":63},"end":{"line":8,"column":5}},"line":3},"2":{"name":"fulfilled","decl":{"start":{"line":4,"column":17},"end":{"line":4,"column":26}},"loc":{"start":{"line":4,"column":34},"end":{"line":4,"column":99}},"line":4},"3":{"name":"rejected","decl":{"start":{"line":5,"column":17},"end":{"line":5,"column":25}},"loc":{"start":{"line":5,"column":33},"end":{"line":5,"column":102}},"line":5},"4":{"name":"step","decl":{"start":{"line":6,"column":17},"end":{"line":6,"column":21}},"loc":{"start":{"line":6,"column":30},"end":{"line":6,"column":151}},"line":6},"5":{"name":"(anonymous_5)","decl":{"start":{"line":6,"column":76},"end":{"line":6,"column":77}},"loc":{"start":{"line":6,"column":95},"end":{"line":6,"column":121}},"line":6},"6":{"name":"(anonymous_6)","decl":{"start":{"line":10,"column":48},"end":{"line":10,"column":49}},"loc":{"start":{"line":10,"column":73},"end":{"line":36,"column":1}},"line":10},"7":{"name":"(anonymous_7)","decl":{"start":{"line":11,"column":30},"end":{"line":11,"column":31}},"loc":{"start":{"line":11,"column":41},"end":{"line":11,"column":83}},"line":11},"8":{"name":"(anonymous_8)","decl":{"start":{"line":12,"column":125},"end":{"line":12,"column":126}},"loc":{"start":{"line":12,"column":136},"end":{"line":12,"column":152}},"line":12},"9":{"name":"verb","decl":{"start":{"line":13,"column":13},"end":{"line":13,"column":17}},"loc":{"start":{"line":13,"column":21},"end":{"line":13,"column":70}},"line":13},"10":{"name":"(anonymous_10)","decl":{"start":{"line":13,"column":30},"end":{"line":13,"column":31}},"loc":{"start":{"line":13,"column":43},"end":{"line":13,"column":67}},"line":13},"11":{"name":"step","decl":{"start":{"line":14,"column":13},"end":{"line":14,"column":17}},"loc":{"start":{"line":14,"column":22},"end":{"line":35,"column":5}},"line":14},"12":{"name":"(anonymous_12)","decl":{"start":{"line":39,"column":34},"end":{"line":39,"column":35}},"loc":{"start":{"line":39,"column":46},"end":{"line":122,"column":1}},"line":39},"13":{"name":"KafkaService","decl":{"start":{"line":46,"column":13},"end":{"line":46,"column":25}},"loc":{"start":{"line":46,"column":46},"end":{"line":86,"column":5}},"line":46},"14":{"name":"(anonymous_14)","decl":{"start":{"line":55,"column":27},"end":{"line":55,"column":28}},"loc":{"start":{"line":55,"column":62},"end":{"line":79,"column":13}},"line":55},"15":{"name":"(anonymous_15)","decl":{"start":{"line":55,"column":104},"end":{"line":55,"column":105}},"loc":{"start":{"line":55,"column":116},"end":{"line":79,"column":9}},"line":55},"16":{"name":"(anonymous_16)","decl":{"start":{"line":57,"column":37},"end":{"line":57,"column":38}},"loc":{"start":{"line":57,"column":51},"end":{"line":78,"column":13}},"line":57},"17":{"name":"(anonymous_17)","decl":{"start":{"line":64,"column":58},"end":{"line":64,"column":59}},"loc":{"start":{"line":64,"column":85},"end":{"line":76,"column":29}},"line":64},"18":{"name":"(anonymous_18)","decl":{"start":{"line":66,"column":98},"end":{"line":66,"column":99}},"loc":{"start":{"line":66,"column":119},"end":{"line":75,"column":33}},"line":66},"19":{"name":"(anonymous_19)","decl":{"start":{"line":87,"column":43},"end":{"line":87,"column":44}},"loc":{"start":{"line":87,"column":68},"end":{"line":105,"column":5}},"line":87},"20":{"name":"(anonymous_20)","decl":{"start":{"line":88,"column":47},"end":{"line":88,"column":48}},"loc":{"start":{"line":88,"column":59},"end":{"line":104,"column":9}},"line":88},"21":{"name":"(anonymous_21)","decl":{"start":{"line":90,"column":37},"end":{"line":90,"column":38}},"loc":{"start":{"line":90,"column":51},"end":{"line":103,"column":13}},"line":90},"22":{"name":"(anonymous_22)","decl":{"start":{"line":98,"column":52},"end":{"line":98,"column":53}},"loc":{"start":{"line":98,"column":71},"end":{"line":100,"column":25}},"line":98},"23":{"name":"(anonymous_23)","decl":{"start":{"line":106,"column":41},"end":{"line":106,"column":42}},"loc":{"start":{"line":106,"column":82},"end":{"line":120,"column":5}},"line":106},"24":{"name":"(anonymous_24)","decl":{"start":{"line":107,"column":47},"end":{"line":107,"column":48}},"loc":{"start":{"line":107,"column":59},"end":{"line":119,"column":9}},"line":107},"25":{"name":"(anonymous_25)","decl":{"start":{"line":108,"column":37},"end":{"line":108,"column":38}},"loc":{"start":{"line":108,"column":51},"end":{"line":118,"column":13}},"line":108}},"branchMap":{"0":{"loc":{"start":{"line":2,"column":16},"end":{"line":9,"column":1}},"type":"binary-expr","locations":[{"start":{"line":2,"column":17},"end":{"line":2,"column":21}},{"start":{"line":2,"column":25},"end":{"line":2,"column":39}},{"start":{"line":2,"column":44},"end":{"line":9,"column":1}}],"line":2},"1":{"loc":{"start":{"line":3,"column":16},"end":{"line":3,"column":34}},"type":"binary-expr","locations":[{"start":{"line":3,"column":16},"end":{"line":3,"column":17}},{"start":{"line":3,"column":22},"end":{"line":3,"column":33}}],"line":3},"2":{"loc":{"start":{"line":6,"column":32},"end":{"line":6,"column":148}},"type":"cond-expr","locations":[{"start":{"line":6,"column":46},"end":{"line":6,"column":67}},{"start":{"line":6,"column":70},"end":{"line":6,"column":148}}],"line":6},"3":{"loc":{"start":{"line":7,"column":51},"end":{"line":7,"column":67}},"type":"binary-expr","locations":[{"start":{"line":7,"column":51},"end":{"line":7,"column":61}},{"start":{"line":7,"column":65},"end":{"line":7,"column":67}}],"line":7},"4":{"loc":{"start":{"line":10,"column":18},"end":{"line":36,"column":1}},"type":"binary-expr","locations":[{"start":{"line":10,"column":19},"end":{"line":10,"column":23}},{"start":{"line":10,"column":27},"end":{"line":10,"column":43}},{"start":{"line":10,"column":48},"end":{"line":36,"column":1}}],"line":10},"5":{"loc":{"start":{"line":11,"column":43},"end":{"line":11,"column":68}},"type":"if","locations":[{"start":{"line":11,"column":43},"end":{"line":11,"column":68}},{"start":{"line":11,"column":43},"end":{"line":11,"column":68}}],"line":11},"6":{"loc":{"start":{"line":12,"column":71},"end":{"line":12,"column":153}},"type":"binary-expr","locations":[{"start":{"line":12,"column":71},"end":{"line":12,"column":99}},{"start":{"line":12,"column":104},"end":{"line":12,"column":152}}],"line":12},"7":{"loc":{"start":{"line":15,"column":8},"end":{"line":15,"column":70}},"type":"if","locations":[{"start":{"line":15,"column":8},"end":{"line":15,"column":70}},{"start":{"line":15,"column":8},"end":{"line":15,"column":70}}],"line":15},"8":{"loc":{"start":{"line":17,"column":12},"end":{"line":17,"column":169}},"type":"if","locations":[{"start":{"line":17,"column":12},"end":{"line":17,"column":169}},{"start":{"line":17,"column":12},"end":{"line":17,"column":169}}],"line":17},"9":{"loc":{"start":{"line":17,"column":23},"end":{"line":17,"column":158}},"type":"binary-expr","locations":[{"start":{"line":17,"column":23},"end":{"line":17,"column":24}},{"start":{"line":17,"column":29},"end":{"line":17,"column":125}},{"start":{"line":17,"column":130},"end":{"line":17,"column":158}}],"line":17},"10":{"loc":{"start":{"line":17,"column":33},"end":{"line":17,"column":125}},"type":"cond-expr","locations":[{"start":{"line":17,"column":45},"end":{"line":17,"column":56}},{"start":{"line":17,"column":59},"end":{"line":17,"column":125}}],"line":17},"11":{"loc":{"start":{"line":17,"column":59},"end":{"line":17,"column":125}},"type":"cond-expr","locations":[{"start":{"line":17,"column":67},"end":{"line":17,"column":116}},{"start":{"line":17,"column":119},"end":{"line":17,"column":125}}],"line":17},"12":{"loc":{"start":{"line":17,"column":67},"end":{"line":17,"column":116}},"type":"binary-expr","locations":[{"start":{"line":17,"column":67},"end":{"line":17,"column":77}},{"start":{"line":17,"column":82},"end":{"line":17,"column":115}}],"line":17},"13":{"loc":{"start":{"line":17,"column":82},"end":{"line":17,"column":112}},"type":"binary-expr","locations":[{"start":{"line":17,"column":83},"end":{"line":17,"column":98}},{"start":{"line":17,"column":103},"end":{"line":17,"column":112}}],"line":17},"14":{"loc":{"start":{"line":18,"column":12},"end":{"line":18,"column":52}},"type":"if","locations":[{"start":{"line":18,"column":12},"end":{"line":18,"column":52}},{"start":{"line":18,"column":12},"end":{"line":18,"column":52}}],"line":18},"15":{"loc":{"start":{"line":19,"column":12},"end":{"line":31,"column":13}},"type":"switch","locations":[{"start":{"line":20,"column":16},"end":{"line":20,"column":23}},{"start":{"line":20,"column":24},"end":{"line":20,"column":46}},{"start":{"line":21,"column":16},"end":{"line":21,"column":72}},{"start":{"line":22,"column":16},"end":{"line":22,"column":65}},{"start":{"line":23,"column":16},"end":{"line":23,"column":65}},{"start":{"line":24,"column":16},"end":{"line":30,"column":43}}],"line":19},"16":{"loc":{"start":{"line":25,"column":20},"end":{"line":25,"column":128}},"type":"if","locations":[{"start":{"line":25,"column":20},"end":{"line":25,"column":128}},{"start":{"line":25,"column":20},"end":{"line":25,"column":128}}],"line":25},"17":{"loc":{"start":{"line":25,"column":24},"end":{"line":25,"column":106}},"type":"binary-expr","locations":[{"start":{"line":25,"column":24},"end":{"line":25,"column":74}},{"start":{"line":25,"column":79},"end":{"line":25,"column":90}},{"start":{"line":25,"column":94},"end":{"line":25,"column":105}}],"line":25},"18":{"loc":{"start":{"line":25,"column":42},"end":{"line":25,"column":73}},"type":"binary-expr","locations":[{"start":{"line":25,"column":42},"end":{"line":25,"column":54}},{"start":{"line":25,"column":58},"end":{"line":25,"column":73}}],"line":25},"19":{"loc":{"start":{"line":26,"column":20},"end":{"line":26,"column":106}},"type":"if","locations":[{"start":{"line":26,"column":20},"end":{"line":26,"column":106}},{"start":{"line":26,"column":20},"end":{"line":26,"column":106}}],"line":26},"20":{"loc":{"start":{"line":26,"column":24},"end":{"line":26,"column":77}},"type":"binary-expr","locations":[{"start":{"line":26,"column":24},"end":{"line":26,"column":35}},{"start":{"line":26,"column":40},"end":{"line":26,"column":42}},{"start":{"line":26,"column":47},"end":{"line":26,"column":59}},{"start":{"line":26,"column":63},"end":{"line":26,"column":75}}],"line":26},"21":{"loc":{"start":{"line":27,"column":20},"end":{"line":27,"column":89}},"type":"if","locations":[{"start":{"line":27,"column":20},"end":{"line":27,"column":89}},{"start":{"line":27,"column":20},"end":{"line":27,"column":89}}],"line":27},"22":{"loc":{"start":{"line":27,"column":24},"end":{"line":27,"column":53}},"type":"binary-expr","locations":[{"start":{"line":27,"column":24},"end":{"line":27,"column":35}},{"start":{"line":27,"column":39},"end":{"line":27,"column":53}}],"line":27},"23":{"loc":{"start":{"line":28,"column":20},"end":{"line":28,"column":87}},"type":"if","locations":[{"start":{"line":28,"column":20},"end":{"line":28,"column":87}},{"start":{"line":28,"column":20},"end":{"line":28,"column":87}}],"line":28},"24":{"loc":{"start":{"line":28,"column":24},"end":{"line":28,"column":43}},"type":"binary-expr","locations":[{"start":{"line":28,"column":24},"end":{"line":28,"column":25}},{"start":{"line":28,"column":29},"end":{"line":28,"column":43}}],"line":28},"25":{"loc":{"start":{"line":29,"column":20},"end":{"line":29,"column":42}},"type":"if","locations":[{"start":{"line":29,"column":20},"end":{"line":29,"column":42}},{"start":{"line":29,"column":20},"end":{"line":29,"column":42}}],"line":29},"26":{"loc":{"start":{"line":34,"column":8},"end":{"line":34,"column":35}},"type":"if","locations":[{"start":{"line":34,"column":8},"end":{"line":34,"column":35}},{"start":{"line":34,"column":8},"end":{"line":34,"column":35}}],"line":34},"27":{"loc":{"start":{"line":34,"column":52},"end":{"line":34,"column":74}},"type":"cond-expr","locations":[{"start":{"line":34,"column":60},"end":{"line":34,"column":65}},{"start":{"line":34,"column":68},"end":{"line":34,"column":74}}],"line":34},"28":{"loc":{"start":{"line":58,"column":16},"end":{"line":77,"column":17}},"type":"switch","locations":[{"start":{"line":59,"column":20},"end":{"line":59,"column":92}},{"start":{"line":60,"column":20},"end":{"line":76,"column":32}}],"line":58},"29":{"loc":{"start":{"line":67,"column":36},"end":{"line":74,"column":37}},"type":"if","locations":[{"start":{"line":67,"column":36},"end":{"line":74,"column":37}},{"start":{"line":67,"column":36},"end":{"line":74,"column":37}}],"line":67},"30":{"loc":{"start":{"line":82,"column":8},"end":{"line":85,"column":9}},"type":"if","locations":[{"start":{"line":82,"column":8},"end":{"line":85,"column":9}},{"start":{"line":82,"column":8},"end":{"line":85,"column":9}}],"line":82},"31":{"loc":{"start":{"line":91,"column":16},"end":{"line":102,"column":17}},"type":"switch","locations":[{"start":{"line":92,"column":20},"end":{"line":92,"column":92}},{"start":{"line":93,"column":20},"end":{"line":95,"column":103}},{"start":{"line":96,"column":20},"end":{"line":101,"column":46}}],"line":91},"32":{"loc":{"start":{"line":109,"column":16},"end":{"line":117,"column":17}},"type":"switch","locations":[{"start":{"line":110,"column":20},"end":{"line":115,"column":94}},{"start":{"line":116,"column":20},"end":{"line":116,"column":61}}],"line":109},"33":{"loc":{"start":{"line":111,"column":24},"end":{"line":114,"column":25}},"type":"if","locations":[{"start":{"line":111,"column":24},"end":{"line":114,"column":25}},{"start":{"line":111,"column":24},"end":{"line":114,"column":25}}],"line":111}},"s":{"0":1,"1":4,"2":3,"3":3,"4":0,"5":0,"6":0,"7":0,"8":7,"9":3,"10":4,"11":1,"12":4,"13":3,"14":0,"15":3,"16":4,"17":0,"18":12,"19":7,"20":7,"21":0,"22":7,"23":14,"24":14,"25":0,"26":14,"27":0,"28":14,"29":7,"30":7,"31":3,"32":3,"33":0,"34":0,"35":0,"36":0,"37":0,"38":0,"39":0,"40":4,"41":4,"42":4,"43":0,"44":0,"45":0,"46":0,"47":0,"48":0,"49":0,"50":0,"51":0,"52":0,"53":0,"54":0,"55":0,"56":0,"57":0,"58":7,"59":0,"60":0,"61":14,"62":4,"63":0,"64":4,"65":1,"66":1,"67":1,"68":7,"69":7,"70":7,"71":7,"72":7,"73":2,"74":2,"75":4,"76":2,"77":2,"78":2,"79":2,"80":2,"81":2,"82":2,"83":1,"84":1,"85":1,"86":1,"87":7,"88":7,"89":4,"90":4,"91":1,"92":0,"93":0,"94":0,"95":0,"96":0,"97":0,"98":0,"99":0,"100":0,"101":0,"102":1,"103":2,"104":2,"105":3,"106":2,"107":1,"108":1,"109":1,"110":1,"111":1,"112":1},"f":{"0":4,"1":4,"2":3,"3":0,"4":7,"5":3,"6":4,"7":3,"8":0,"9":12,"10":7,"11":7,"12":1,"13":7,"14":2,"15":2,"16":4,"17":2,"18":2,"19":0,"20":0,"21":0,"22":0,"23":2,"24":2,"25":3},"b":{"0":[1,1,1],"1":[4,4],"2":[4,3],"3":[4,4],"4":[1,1,1],"5":[0,3],"6":[4,4],"7":[0,7],"8":[0,14],"9":[14,0,0],"10":[0,0],"11":[0,0],"12":[0,0],"13":[0,0],"14":[0,14],"15":[7,7,3,0,0,4],"16":[4,0],"17":[4,4,4],"18":[4,0],"19":[0,0],"20":[0,0,0,0],"21":[0,0],"22":[0,0],"23":[0,0],"24":[0,0],"25":[0,0],"26":[0,4],"27":[4,0],"28":[2,2],"29":[1,1],"30":[4,3],"31":[0,0,0],"32":[2,1],"33":[1,1]},"_coverageSchema":"d34fc3e6b8297bcde183f5492bcb8fcb36775295","hash":"8e541a6e6578aece95dff799ef6557955e7ccf42","contentHash":"66052ea059fa43ae97c8b07493d05290_12.0.2"},"/Users/Shared/Projects/COMOrderDetailService/src/common/KafkaFactory.test.ts":{"path":"/Users/Shared/Projects/COMOrderDetailService/src/common/KafkaFactory.test.ts","statementMap":{},"fnMap":{},"branchMap":{},"s":{},"f":{},"b":{},"_coverageSchema":"d34fc3e6b8297bcde183f5492bcb8fcb36775295","hash":"6244802645bec6a130673a5abb36a53be777ce2e","contentHash":"e9453655ea1c7be148dcf23d47df782d_12.0.2"},"/Users/Shared/Projects/COMOrderDetailService/src/controller/ComOrderDetailController.test.ts":{"path":"/Users/Shared/Projects/COMOrderDetailService/src/controller/ComOrderDetailController.test.ts","statementMap":{"0":{"start":{"line":2,"column":0},"end":{"line":2,"column":62}},"1":{"start":{"line":3,"column":11},"end":{"line":3,"column":26}},"2":{"start":{"line":4,"column":15},"end":{"line":4,"column":35}},"3":{"start":{"line":5,"column":17},"end":{"line":5,"column":39}},"4":{"start":{"line":6,"column":14},"end":{"line":6,"column":30}},"5":{"start":{"line":7,"column":14},"end":{"line":7,"column":30}},"6":{"start":{"line":8,"column":12},"end":{"line":8,"column":29}},"7":{"start":{"line":9,"column":33},"end":{"line":9,"column":70}},"8":{"start":{"line":10,"column":30},"end":{"line":10,"column":73}},"9":{"start":{"line":11,"column":20},"end":{"line":11,"column":51}},"10":{"start":{"line":20,"column":0},"end":{"line":20,"column":19}},"11":{"start":{"line":21,"column":13},"end":{"line":21,"column":24}},"12":{"start":{"line":22,"column":0},"end":{"line":55,"column":3}},"13":{"start":{"line":23,"column":4},"end":{"line":49,"column":7}},"14":{"start":{"line":26,"column":26},"end":{"line":26,"column":58}},"15":{"start":{"line":27,"column":8},"end":{"line":39,"column":11}},"16":{"start":{"line":28,"column":12},"end":{"line":28,"column":92}},"17":{"start":{"line":30,"column":12},"end":{"line":30,"column":129}},"18":{"start":{"line":31,"column":12},"end":{"line":31,"column":74}},"19":{"start":{"line":32,"column":12},"end":{"line":32,"column":118}},"20":{"start":{"line":33,"column":12},"end":{"line":33,"column":58}},"21":{"start":{"line":34,"column":12},"end":{"line":38,"column":15}},"22":{"start":{"line":35,"column":16},"end":{"line":35,"column":40}},"23":{"start":{"line":36,"column":16},"end":{"line":36,"column":48}},"24":{"start":{"line":37,"column":16},"end":{"line":37,"column":23}},"25":{"start":{"line":40,"column":8},"end":{"line":42,"column":11}},"26":{"start":{"line":41,"column":12},"end":{"line":41,"column":57}},"27":{"start":{"line":43,"column":8},"end":{"line":45,"column":11}},"28":{"start":
[...]
},"line":491},"164":{"name":"(anonymous_164)","decl":{"start":{"line":496,"column":33},"end":{"line":496,"column":34}},"loc":{"start":{"line":496,"column":45},"end":{"line":500,"column":1}},"line":496},"165":{"name":"ExtnEntity5","decl":{"start":{"line":497,"column":13},"end":{"line":497,"column":24}},"loc":{"start":{"line":497,"column":27},"end":{"line":498,"column":5}},"line":497},"166":{"name":"(anonymous_166)","decl":{"start":{"line":502,"column":34},"end":{"line":502,"column":35}},"loc":{"start":{"line":502,"column":46},"end":{"line":506,"column":1}},"line":502},"167":{"name":"Attributes32","decl":{"start":{"line":503,"column":13},"end":{"line":503,"column":25}},"loc":{"start":{"line":503,"column":28},"end":{"line":504,"column":5}},"line":503},"168":{"name":"(anonymous_168)","decl":{"start":{"line":508,"column":41},"end":{"line":508,"column":42}},"loc":{"start":{"line":508,"column":53},"end":{"line":512,"column":1}},"line":508},"169":{"name":"OrderStatusesEntity","decl":{"start":{"line":509,"column":13},"end":{"line":509,"column":32}},"loc":{"start":{"line":509,"column":35},"end":{"line":510,"column":5}},"line":509},"170":{"name":"(anonymous_170)","decl":{"start":{"line":514,"column":39},"end":{"line":514,"column":40}},"loc":{"start":{"line":514,"column":51},"end":{"line":518,"column":1}},"line":514},"171":{"name":"OrderStatusEntity","decl":{"start":{"line":515,"column":13},"end":{"line":515,"column":30}},"loc":{"start":{"line":515,"column":33},"end":{"line":516,"column":5}},"line":515},"172":{"name":"(anonymous_172)","decl":{"start":{"line":520,"column":34},"end":{"line":520,"column":35}},"loc":{"start":{"line":520,"column":46},"end":{"line":524,"column":1}},"line":520},"173":{"name":"Attributes33","decl":{"start":{"line":521,"column":13},"end":{"line":521,"column":25}},"loc":{"start":{"line":521,"column":28},"end":{"line":522,"column":5}},"line":521},"174":{"name":"(anonymous_174)","decl":{"start":{"line":526,"column":35},"end":{"line":526,"column":36}},"loc":{"start":{"line":526,"column":47},"end":{"line":530,"column":1}},"line":526},"175":{"name":"DetailsEntity","decl":{"start":{"line":527,"column":13},"end":{"line":527,"column":26}},"loc":{"start":{"line":527,"column":29},"end":{"line":528,"column":5}},"line":527},"176":{"name":"(anonymous_176)","decl":{"start":{"line":532,"column":34},"end":{"line":532,"column":35}},"loc":{"start":{"line":532,"column":46},"end":{"line":536,"column":1}},"line":532},"177":{"name":"Attributes34","decl":{"start":{"line":533,"column":13},"end":{"line":533,"column":25}},"loc":{"start":{"line":533,"column":28},"end":{"line":534,"column":5}},"line":533},"178":{"name":"(anonymous_178)","decl":{"start":{"line":538,"column":51},"end":{"line":538,"column":52}},"loc":{"start":{"line":538,"column":63},"end":{"line":542,"column":1}},"line":538},"179":{"name":"OrderStatusTranQuantityEntity","decl":{"start":{"line":539,"column":13},"end":{"line":539,"column":42}},"loc":{"start":{"line":539,"column":45},"end":{"line":540,"column":5}},"line":539},"180":{"name":"(anonymous_180)","decl":{"start":{"line":544,"column":34},"end":{"line":544,"column":35}},"loc":{"start":{"line":544,"column":46},"end":{"line":548,"column":1}},"line":544},"181":{"name":"Attributes35","decl":{"start":{"line":545,"column":13},"end":{"line":545,"column":25}},"loc":{"start":{"line":545,"column":28},"end":{"line":546,"column":5}},"line":545},"182":{"name":"(anonymous_182)","decl":{"start":{"line":550,"column":49},"end":{"line":550,"column":50}},"loc":{"start":{"line":550,"column":61},"end":{"line":554,"column":1}},"line":550},"183":{"name":"OrderLineTranQuantityEntity","decl":{"start":{"line":551,"column":13},"end":{"line":551,"column":40}},"loc":{"start":{"line":551,"column":43},"end":{"line":552,"column":5}},"line":551},"184":{"name":"(anonymous_184)","decl":{"start":{"line":556,"column":34},"end":{"line":556,"column":35}},"loc":{"start":{"line":556,"column":46},"end":{"line":560,"column":1}},"line":556},"185":{"name":"Attributes36","decl":{"start":{"line":557,"column":13},"end":{"line":557,"column":25}},"loc":{"start":{"line":557,"column":28},"end":{"line":558,"column":5}},"line":557},"186":{"name":"(anonymous_186)","decl":{"start":{"line":562,"column":44},"end":{"line":562,"column":45}},"loc":{"start":{"line":562,"column":56},"end":{"line":566,"column":1}},"line":562},"187":{"name":"PersonInfoBillToEntity","decl":{"start":{"line":563,"column":13},"end":{"line":563,"column":35}},"loc":{"start":{"line":563,"column":38},"end":{"line":564,"column":5}},"line":563},"188":{"name":"(anonymous_188)","decl":{"start":{"line":568,"column":34},"end":{"line":568,"column":35}},"loc":{"start":{"line":568,"column":46},"end":{"line":572,"column":1}},"line":568},"189":{"name":"Attributes37","decl":{"start":{"line":569,"column":13},"end":{"line":569,"column":25}},"loc":{"start":{"line":569,"column":28},"end":{"line":570,"column":5}},"line":569},"190":{"name":"(anonymous_190)","decl":{"start":{"line":574,"column":33},"end":{"line":574,"column":34}},"loc":{"start":{"line":574,"column":45},"end":{"line":578,"column":1}},"line":574},"191":{"name":"ExtnEntity6","decl":{"start":{"line":575,"column":13},"end":{"line":575,"column":24}},"loc":{"start":{"line":575,"column":27},"end":{"line":576,"column":5}},"line":575},"192":{"name":"(anonymous_192)","decl":{"start":{"line":580,"column":34},"end":{"line":580,"column":35}},"loc":{"start":{"line":580,"column":46},"end":{"line":584,"column":1}},"line":580},"193":{"name":"Attributes38","decl":{"start":{"line":581,"column":13},"end":{"line":581,"column":25}},"loc":{"start":{"line":581,"column":28},"end":{"line":582,"column":5}},"line":581},"194":{"name":"(anonymous_194)","decl":{"start":{"line":586,"column":44},"end":{"line":586,"column":45}},"loc":{"start":{"line":586,"column":56},"end":{"line":590,"column":1}},"line":586},"195":{"name":"PersonInfoShipToEntity","decl":{"start":{"line":587,"column":13},"end":{"line":587,"column":35}},"loc":{"start":{"line":587,"column":38},"end":{"line":588,"column":5}},"line":587},"196":{"name":"(anonymous_196)","decl":{"start":{"line":592,"column":33},"end":{"line":592,"column":34}},"loc":{"start":{"line":592,"column":45},"end":{"line":596,"column":1}},"line":592},"197":{"name":"ExtnEntity7","decl":{"start":{"line":593,"column":13},"end":{"line":593,"column":24}},"loc":{"start":{"line":593,"column":27},"end":{"line":594,"column":5}},"line":593},"198":{"name":"(anonymous_198)","decl":{"start":{"line":598,"column":34},"end":{"line":598,"column":35}},"loc":{"start":{"line":598,"column":46},"end":{"line":602,"column":1}},"line":598},"199":{"name":"Attributes39","decl":{"start":{"line":599,"column":13},"end":{"line":599,"column":25}},"loc":{"start":{"line":599,"column":28},"end":{"line":600,"column":5}},"line":599},"200":{"name":"(anonymous_200)","decl":{"start":{"line":604,"column":42},"end":{"line":604,"column":43}},"loc":{"start":{"line":604,"column":54},"end":{"line":608,"column":1}},"line":604},"201":{"name":"PaymentMethodsEntity","decl":{"start":{"line":605,"column":13},"end":{"line":605,"column":33}},"loc":{"start":{"line":605,"column":36},"end":{"line":606,"column":5}},"line":605},"202":{"name":"(anonymous_202)","decl":{"start":{"line":610,"column":41},"end":{"line":610,"column":42}},"loc":{"start":{"line":610,"column":53},"end":{"line":614,"column":1}},"line":610},"203":{"name":"PaymentMethodEntity","decl":{"start":{"line":611,"column":13},"end":{"line":611,"column":32}},"loc":{"start":{"line":611,"column":35},"end":{"line":612,"column":5}},"line":611},"204":{"name":"(anonymous_204)","decl":{"start":{"line":616,"column":34},"end":{"line":616,"column":35}},"loc":{"start":{"line":616,"column":46},"end":{"line":620,"column":1}},"line":616},"205":{"name":"Attributes40","decl":{"start":{"line":617,"column":13},"end":{"line":617,"column":25}},"loc":{"start":{"line":617,"column":28},"end":{"line":618,"column":5}},"line":617},"206":{"name":"(anonymous_206)","decl":{"start":{"line":622,"column":52},"end":{"line":622,"column":53}},"loc":{"start":{"line":622,"column":64},"end":{"line":626,"column":1}},"line":622},"207":{"name":"ChargeTransactionDetailsEntity","decl":{"start":{"line":623,"column":13},"end":{"line":623,"column":43}},"loc":{"start":{"line":623,"column":46},"end":{"line":624,"column":5}},"line":623},"208":{"name":"(anonymous_208)","decl":{"start":{"line":628,"column":51},"end":{"line":628,"column":52}},"loc":{"start":{"line":628,"column":63},"end":{"line":632,"column":1}},"line":628},"209":{"name":"ChargeTransactionDetailEntity","decl":{"start":{"line":629,"column":13},"end":{"line":629,"column":42}},"loc":{"start":{"line":629,"column":45},"end":{"line":630,"column":5}},"line":629},"210":{"name":"(anonymous_210)","decl":{"start":{"line":634,"column":34},"end":{"line":634,"column":35}},"loc":{"start":{"line":634,"column":46},"end":{"line":638,"column":1}},"line":634},"211":{"name":"Attributes41","decl":{"start":{"line":635,"column":13},"end":{"line":635,"column":25}},"loc":{"start":{"line":635,"column":28},"end":{"line":636,"column":5}},"line":635},"212":{"name":"(anonymous_212)","decl":{"start":{"line":640,"column":50},"end":{"line":640,"column":51}},"loc":{"start":{"line":640,"column":62},"end":{"line":644,"column":1}},"line":640},"213":{"name":"CreditCardTransactionsEntity","decl":{"start":{"line":641,"column":13},"end":{"line":641,"column":41}},"loc":{"start":{"line":641,"column":44},"end":{"line":642,"column":5}},"line":641},"214":{"name":"(anonymous_214)","decl":{"start":{"line":646,"column":49},"end":{"line":646,"column":50}},"loc":{"start":{"line":646,"column":61},"end":{"line":650,"column":1}},"line":646},"215":{"name":"CreditCardTransactionEntity","decl":{"start":{"line":647,"column":13},"end":{"line":647,"column":40}},"loc":{"start":{"line":647,"column":43},"end":{"line":648,"column":5}},"line":647},"216":{"name":"(anonymous_216)","decl":{"start":{"line":652,"column":34},"end":{"line":652,"column":35}},"loc":{"start":{"line":652,"column":46},"end":{"line":656,"column":1}},"line":652},"217":{"name":"Attributes42","decl":{"start":{"line":653,"column":13},"end":{"line":653,"column":25}},"loc":{"start":{"line":653,"column":28},"end":{"line":654,"column":5}},"line":653},"218":{"name":"(anonymous_218)","decl":{"start":{"line":658,"column":33},"end":{"line":658,"column":34}},"loc":{"start":{"line":658,"column":45},"end":{"line":662,"column":1}},"line":658},"219":{"name":"NotesEntity","decl":{"start":{"line":659,"column":13},"end":{"line":659,"column":24}},"loc":{"start":{"line":659,"column":27},"end":{"line":660,"column":5}},"line":659},"220":{"name":"(anonymous_220)","decl":{"start":{"line":664,"column":34},"end":{"line":664,"column":35}},"loc":{"start":{"line":664,"column":46},"end":{"line":668,"column":1}},"line":664},"221":{"name":"Attributes43","decl":{"start":{"line":665,"column":13},"end":{"line":665,"column":25}},"loc":{"start":{"line":665,"column":28},"end":{"line":666,"column":5}},"line":665},"222":{"name":"(anonymous_222)","decl":{"start":{"line":670,"column":40},"end":{"line":670,"column":41}},"loc":{"start":{"line":670,"column":52},"end":{"line":674,"column":1}},"line":670},"223":{"name":"InstructionsEntity","decl":{"start":{"line":671,"column":13},"end":{"line":671,"column":31}},"loc":{"start":{"line":671,"column":34},"end":{"line":672,"column":5}},"line":671},"224":{"name":"(anonymous_224)","decl":{"start":{"line":676,"column":40},"end":{"line":676,"column":41}},"loc":{"start":{"line":676,"column":52},"end":{"line":680,"column":1}},"line":676},"225":{"name":"InstructionEntity1","decl":{"start":{"line":677,"column":13},"end":{"line":677,"column":31}},"loc":{"start":{"line":677,"column":34},"end":{"line":678,"column":5}},"line":677},"226":{"name":"(anonymous_226)","decl":{"start":{"line":682,"column":33},"end":{"line":682,"column":34}},"loc":{"start":{"line":682,"column":45},"end":{"line":686,"column":1}},"line":682},"227":{"name":"ExtnEntity8","decl":{"start":{"line":683,"column":13},"end":{"line":683,"column":24}},"loc":{"start":{"line":683,"column":27},"end":{"line":684,"column":5}},"line":683},"228":{"name":"(anonymous_228)","decl":{"start":{"line":688,"column":34},"end":{"line":688,"column":35}},"loc":{"start":{"line":688,"column":46},"end":{"line":692,"column":1}},"line":688},"229":{"name":"Attributes44","decl":{"start":{"line":689,"column":13},"end":{"line":689,"column":25}},"loc":{"start":{"line":689,"column":28},"end":{"line":690,"column":5}},"line":689},"230":{"name":"(anonymous_230)","decl":{"start":{"line":694,"column":41},"end":{"line":694,"column":42}},"loc":{"start":{"line":694,"column":53},"end":{"line":698,"column":1}},"line":694},"231":{"name":"OverallTotalsEntity","decl":{"start":{"line":695,"column":13},"end":{"line":695,"column":32}},"loc":{"start":{"line":695,"column":35},"end":{"line":696,"column":5}},"line":695},"232":{"name":"(anonymous_232)","decl":{"start":{"line":700,"column":34},"end":{"line":700,"column":35}},"loc":{"start":{"line":700,"column":46},"end":{"line":704,"column":1}},"line":700},"233":{"name":"Attributes45","decl":{"start":{"line":701,"column":13},"end":{"line":701,"column":25}},"loc":{"start":{"line":701,"column":28},"end":{"line":702,"column":5}},"line":701},"234":{"name":"(anonymous_234)","decl":{"start":{"line":706,"column":33},"end":{"line":706,"column":34}},"loc":{"start":{"line":706,"column":45},"end":{"line":710,"column":1}},"line":706},"235":{"name":"ExtnEntity9","decl":{"start":{"line":707,"column":13},"end":{"line":707,"column":24}},"loc":{"start":{"line":707,"column":27},"end":{"line":708,"column":5}},"line":707},"236":{"name":"(anonymous_236)","decl":{"start":{"line":712,"column":34},"end":{"line":712,"column":35}},"loc":{"start":{"line":712,"column":46},"end":{"line":716,"column":1}},"line":712},"237":{"name":"Attributes46","decl":{"start":{"line":713,"column":13},"end":{"line":713,"column":25}},"loc":{"start":{"line":713,"column":28},"end":{"line":714,"column":5}},"line":713},"238":{"name":"(anonymous_238)","decl":{"start":{"line":718,"column":54},"end":{"line":718,"column":55}},"loc":{"start":{"line":718,"column":66},"end":{"line":722,"column":1}},"line":718},"239":{"name":"HDCustNotificationInfoListEntity","decl":{"start":{"line":719,"column":13},"end":{"line":719,"column":45}},"loc":{"start":{"line":719,"column":48},"end":{"line":720,"column":5}},"line":719},"240":{"name":"(anonymous_240)","decl":{"start":{"line":724,"column":50},"end":{"line":724,"column":51}},"loc":{"start":{"line":724,"column":62},"end":{"line":728,"column":1}},"line":724},"241":{"name":"HDCustNotificationInfoEntity","decl":{"start":{"line":725,"column":13},"end":{"line":725,"column":41}},"loc":{"start":{"line":725,"column":44},"end":{"line":726,"column":5}},"line":725},"242":{"name":"(anonymous_242)","decl":{"start":{"line":730,"column":34},"end":{"line":730,"column":35}},"loc":{"start":{"line":730,"column":46},"end":{"line":734,"column":1}},"line":730},"243":{"name":"Attributes47","decl":{"start":{"line":731,"column":13},"end":{"line":731,"column":25}},"loc":{"start":{"line":731,"column":28},"end":{"line":732,"column":5}},"line":731}},"branchMap":{},"s":{"0":1,"1":1,"2":1,"3":1,"4":1,"5":1,"6":1,"7":1,"8":1,"9":1,"10":1,"11":1,"12":1,"13":1,"14":1,"15":1,"16":1,"17":1,"18":1,"19":1,"20":1,"21":1,"22":1,"23":1,"24":1,"25":1,"26":1,"27":1,"28":1,"29":1,"30":1,"31":1,"32":1,"33":1,"34":1,"35":1,"36":1,"37":1,"38":1,"39":1,"40":1,"41":1,"42":1,"43":1,"44":1,"45":1,"46":1,"47":1,"48":1,"49":1,"50":1,"51":1,"52":1,"53":1,"54":1,"55":1,"56":1,"57":1,"58":1,"59":1,"60":1,"61":1,"62":1,"63":1,"64":1,"65":1,"66":1,"67":1,"68":1,"69":1,"70":1,"71":1,"72":1,"73":1,"74":1,"75":1,"76":1,"77":1,"78":1,"79":1,"80":1,"81":1,"82":1,"83":1,"84":1,"85":1,"86":1,"87":1,"88":1,"89":1,"90":1,"91":1,"92":1,"93":1,"94":1,"95":1,"96":1,"97":1,"98":1,"99":1,"100":1,"101":1,"102":1,"103":1,"104":1,"105":1,"106":1,"107":1,"108":1,"109":1,"110":1,"111":1,"112":1,"113":1,"114":1,"115":1,"116":1,"117":1,"118":1,"119":1,"120":1,"121":1,"122":1,"123":1,"124":1,"125":1,"126":1,"127":1,"128":1,"129":1,"130":1,"131":1,"132":1,"133":1,"134":1,"135":1,"136":1,"137":1,"138":1,"139":1,"140":1,"141":1,"142":1,"143":1,"144":1,"145":1,"146":1,"147":1,"148":1,"149":1,"150":1,"151":1,"152":1,"153":1,"154":1,"155":1,"156":1,"157":1,"158":1,"159":1,"160":1,"161":1,"162":1,"163":1,"164":1,"165":1,"166":1,"167":1,"168":1,"169":1,"170":1,"171":1,"172":1,"173":1,"174":1,"175":1,"176":1,"177":1,"178":1,"179":1,"180":1,"181":1,"182":1,"183":1,"184":1,"185":1,"186":1,"187":1,"188":1,"189":1,"190":1,"191":1,"192":1,"193":1,"194":1,"195":1,"196":1,"197":1,"198":1,"199":1,"200":1,"201":1,"202":1,"203":1,"204":1,"205":1,"206":1,"207":1,"208":1,"209":1,"210":1,"211":1,"212":1,"213":1,"214":1,"215":1,"216":1,"217":1,"218":1,"219":1,"220":1,"221":1,"222":1,"223":1,"224":1,"225":1,"226":1,"227":1,"228":1,"229":1,"230":1,"231":1,"232":1,"233":1,"234":1,"235":1,"236":1,"237":1,"238":1,"239":1,"240":1,"241":1,"242":1,"243":1,"244":1,"245":1,"246":1,"247":1,"248":1,"249":1,"250":1,"251":1,"252":1,"253":1,"254":1,"255":1,"256":1,"257":1,"258":1,"259":1,"260":1,"261":1,"262":1,"263":1,"264":1,"265":1,"266":1,"267":1,"268":1,"269":1,"270":1,"271":1,"272":1,"273":1,"274":1,"275":1,"276":1,"277":1,"278":1,"279":1,"280":1,"281":1,"282":1,"283":1,"284":1,"285":1,"286":1,"287":1,"288":1,"289":1,"290":1,"291":1,"292":1,"293":1,"294":1,"295":1,"296":1,"297":1,"298":1,"299":1,"300":1,"301":1,"302":1,"303":1,"304":1,"305":1,"306":1,"307":1,"308":1,"309":1,"310":1,"311":1,"312":1,"313":1,"314":1,"315":1,"316":1,"317":1,"318":1,"319":1,"320":1,"321":1,"322":1,"323":1,"324":1,"325":1,"326":1,"327":1,"328":1,"329":1,"330":1,"331":1,"332":1,"333":1,"334":1,"335":1,"336":1,"337":1,"338":1,"339":1,"340":1,"341":1,"342":1,"343":1,"344":1,"345":1,"346":1,"347":1,"348":1,"349":1,"350":1,"351":1,"352":1,"353":1,"354":1,"355":1,"356":1,"357":1,"358":1,"359":1,"360":1,"361":1,"362":1,"363":1,"364":1,"365":1,"366":1},"f":{"0":1,"1":1,"2":1,"3":0,"4":1,"5":0,"6":1,"7":1,"8":1,"9":0,"10":1,"11":0,"12":1,"13":0,"14":1,"15":0,"16":1,"17":0,"18":1,"19":0,"20":1,"21":0,"22":1,"23":0,"24":1,"25":0,"26":1,"27":0,"28":1,"29":0,"30":1,"31":0,"32":1,"33":0,"34":1,"35":0,"36":1,"37":0,"38":1,"39":0,"40":1,"41":0,"42":1,"43":0,"44":1,"45":0,"46":1,"47":0,"48":1,"49":1,"50":1,"51":1,"52":1,"53":1,"54":1,"55":1,"56":1,"57":1,"58":1,"59":0,"60":1,"61":0,"62":1,"63":0,"64":1,"65":0,"66":1,"67":0,"68":1,"69":0,"70":1,"71":0,"72":1,"73":0,"74":1,"75":0,"76":1,"77":0,"78":1,"79":0,"80":1,"81":0,"82":1,"83":0,"84":1,"85":0,"86":1,"87":0,"88":1,"89":1,"90":1,"91":1,"92":1,"93":0,"94":1,"95":0,"96":1,"97":0,"98":1,"99":0,"100":1,"101":0,"102":1,"103":0,"104":1,"105":0,"106":1,"107":0,"108":1,"109":0,"110":1,"111":0,"112":1,"113":0,"114":1,"115":0,"116":1,"117":0,"118":1,"119":0,"120":1,"121":0,"122":1,"123":0,"124":1,"125":0,"126":1,"127":0,"128":1,"129":0,"130":1,"131":0,"132":1,"133":0,"134":1,"135":0,"136":1,"137":0,"138":1,"139":0,"140":1,"141":0,"142":1,"143":0,"144":1,"145":0,"146":1,"147":0,"148":1,"149":0,"150":1,"151":0,"152":1,"153":0,"154":1,"155":0,"156":1,"157":0,"158":1,"159":0,"160":1,"161":0,"162":1,"163":0,"164":1,"165":0,"166":1,"167":0,"168":1,"169":1,"170":1,"171":1,"172":1,"173":1,"174":1,"175":1,"176":1,"177":1,"178":1,"179":0,"180":1,"181":0,"182":1,"183":0,"184":1,"185":0,"186":1,"187":0,"188":1,"189":0,"190":1,"191":0,"192":1,"193":0,"194":1,"195":0,"196":1,"197":0,"198":1,"199":0,"200":1,"201":0,"202":1,"203":0,"204":1,"205":0,"206":1,"207":0,"208":1,"209":0,"210":1,"211":0,"212":1,"213":0,"214":1,"215":0,"216":1,"217":0,"218":1,"219":0,"220":1,"221":0,"222":1,"223":0,"224":1,"225":0,"226":1,"227":0,"228":1,"229":0,"230":1,"231":0,"232":1,"233":0,"234":1,"235":0,"236":1,"237":0,"238":1,"239":0,"240":1,"241":0,"242":1,"243":0},"b":{},"_coverageSchema":"d34fc3e6b8297bcde183f5492bcb8fcb36775295","hash":"859c8cd93d177ac899fa867e22e0d65d0116c5f2","contentHash":"931955d99adae141519a7c9423a3f40c_12.0.2"}}