TN:
SF:/Users/Shared/Projects/COMOrderDetailService/src/common/KafaService.test.ts
FN:10,(anonymous_12)
FN:23,(anonymous_13)
FN:28,(anonymous_14)
FN:29,(anonymous_15)
FN:35,(anonymous_16)
FN:38,(anonymous_17)
FN:42,(anonymous_18)
FN:43,(anonymous_19)
FN:50,(anonymous_22)
FN:53,(anonymous_23)
FN:58,(anonymous_24)
FN:61,(anonymous_25)
FN:69,(anonymous_26)
FN:76,(anonymous_29)
FN:89,(anonymous_30)
FN:95,(anonymous_31)
FN:98,(anonymous_32)
FN:102,(anonymous_33)
FN:105,(anonymous_34)
FN:111,(anonymous_35)
FN:120,(anonymous_36)
FN:128,(anonymous_39)
FN:146,(anonymous_40)
FN:152,(anonymous_41)
FN:155,(anonymous_42)
FN:159,(anonymous_43)
FN:162,(anonymous_44)
FN:165,(anonymous_45)
FNF:28
FNH:26
FNDA:1,(anonymous_12)
FNDA:1,(anonymous_13)
FNDA:1,(anonymous_14)
FNDA:1,(anonymous_15)
FNDA:1,(anonymous_16)
FNDA:1,(anonymous_17)
FNDA:1,(anonymous_18)
FNDA:1,(anonymous_19)
FNDA:1,(anonymous_22)
FNDA:1,(anonymous_23)
FNDA:1,(anonymous_24)
FNDA:1,(anonymous_25)
FNDA:1,(anonymous_26)
FNDA:0,(anonymous_29)
FNDA:1,(anonymous_30)
FNDA:1,(anonymous_31)
FNDA:1,(anonymous_32)
FNDA:1,(anonymous_33)
FNDA:1,(anonymous_34)
FNDA:1,(anonymous_35)
FNDA:1,(anonymous_36)
FNDA:0,(anonymous_39)
FNDA:1,(anonymous_40)
FNDA:1,(anonymous_41)
FNDA:1,(anonymous_42)
FNDA:1,(anonymous_43)
FNDA:1,(anonymous_44)
FNDA:1,(anonymous_45)
DA:1,1
DA:2,1
DA:3,1
DA:4,1
DA:5,1
DA:6,1
DA:8,1
DA:10,1
DA:23,1
DA:28,1
DA:29,1
DA:30,1
DA:31,1
DA:33,1
DA:35,1
DA:36,1
DA:38,1
DA:39,1
DA:42,1
DA:43,1
DA:44,1
DA:45,1
DA:46,1
DA:48,1
DA:50,1
DA:51,1
DA:53,1
DA:54,1
DA:58,1
DA:61,1
DA:66,1
DA:67,1
DA:68,1
DA:69,1
DA:72,1
DA:73,1
DA:76,1
DA:77,1
DA:78,1
DA:80,1
DA:81,1
DA:82,1
DA:85,1
DA:89,1
DA:90,1
DA:91,1
DA:95,1
DA:96,1
DA:98,1
DA:99,1
DA:100,1
DA:102,1
DA:103,1
DA:105,1
DA:106,1
DA:111,1
DA:116,1
DA:117,1
DA:118,1
DA:120,1
DA:123,1
DA:124,1
DA:125,1
DA:128,1
DA:129,1
DA:130,1
DA:132,1
DA:133,1
DA:134,1
DA:138,1
DA:140,1
DA:141,1
DA:146,1
DA:147,1
DA:148,1
DA:152,1
DA:153,1
DA:155,1
DA:156,1
DA:157,1
DA:159,1
DA:160,1
DA:162,1
DA:163,1
DA:165,1
DA:166,1
LF:86
LH:86
BRF:0
BRH:0
end_of_record
TN:
SF:/Users/Shared/Projects/COMOrderDetailService/src/common/KafkaFactory.ts
FN:14,(anonymous_12)
FN:21,(anonymous_14)
FN:23,(anonymous_15)
FN:27,(anonymous_16)
FN:32,(anonymous_17)
FN:47,(anonymous_18)
FN:56,(anonymous_19)
FN:65,(anonymous_20)
FN:79,(anonymous_23)
FN:80,(anonymous_24)
FN:82,(anonymous_25)
FNF:11
FNH:1
FNDA:3,(anonymous_12)
FNDA:0,(anonymous_14)
FNDA:0,(anonymous_15)
FNDA:0,(anonymous_16)
FNDA:0,(anonymous_17)
FNDA:0,(anonymous_18)
FNDA:0,(anonymous_19)
FNDA:0,(anonymous_20)
FNDA:0,(anonymous_23)
FNDA:0,(anonymous_24)
FNDA:0,(anonymous_25)
DA:2,1
DA:4,1
DA:14,1
DA:21,1
DA:23,0
DA:25,0
DA:27,0
DA:28,0
DA:29,0
DA:32,0
DA:33,0
DA:34,0
DA:47,1
DA:48,0
DA:56,1
DA:57,0
DA:65,1
DA:66,0
DA:67,0
DA:76,0
DA:79,1
DA:80,0
DA:81,0
DA:82,0
DA:83,0
DA:84,0
DA:88,1
LF:27
LH:9
BRF:0
BRH:0
end_of_record
TN:
SF:/Users/Shared/Projects/COMOrderDetailService/src/common/KafkaService.ts
FN:6,(anonymous_12)
FN:16,KafkaService
FN:47,(anonymous_14)
FN:54,(anonymous_17)
FN:56,(anonymous_18)
FN:27,(anonymous_19)
FN:31,(anonymous_22)
FN:36,(anonymous_23)
FNF:8
FNH:6
FNDA:1,(anonymous_12)
FNDA:7,KafkaService
FNDA:2,(anonymous_14)
FNDA:2,(anonymous_17)
FNDA:2,(anonymous_18)
FNDA:0,(anonymous_19)
FNDA:0,(anonymous_22)
FNDA:2,(anonymous_23)
DA:4,1
DA:6,1
DA:8,7
DA:16,7
DA:20,7
DA:21,7
DA:22,4
DA:23,4
DA:27,1
DA:28,0
DA:29,0
DA:31,0
DA:32,0
DA:36,1
DA:37,2
DA:38,1
DA:39,1
DA:41,1
DA:47,7
DA:50,2
DA:51,2
DA:54,2
DA:55,2
DA:56,2
DA:57,2
DA:58,1
DA:59,1
DA:61,1
DA:62,1
DA:68,1
LF:30
LH:26
BRDA:57,0,0,1
BRDA:57,0,1,1
BRDA:21,1,0,4
BRDA:21,1,1,3
BRDA:37,2,0,1
BRDA:37,2,1,1
BRF:6
BRH:6
end_of_record
TN:
SF:/Users/Shared/Projects/COMOrderDetailService/src/dto/ComEventDTO.ts
FN:2,(anonymous_0)
FN:7,(anonymous_2)
FN:10,(anonymous_4)
FN:14,(anonymous_6)
FN:19,(anonymous_8)
FN:37,(anonymous_10)
FN:60,(anonymous_12)
FN:77,(anonymous_14)
FN:117,(anonymous_16)
FN:121,(anonymous_18)
FN:124,(anonymous_20)
FN:127,(anonymous_22)
FN:146,(anonymous_24)
FN:149,(anonymous_26)
FN:152,(anonymous_28)
FN:168,(anonymous_30)
FN:171,(anonymous_32)
FN:174,(anonymous_34)
FN:203,(anonymous_36)
FN:206,(anonymous_38)
FN:209,(anonymous_40)
FN:232,(anonymous_42)
FN:235,(anonymous_44)
FN:238,(anonymous_46)
FN:265,(anonymous_48)
FN:268,(anonymous_50)
FN:292,(anonymous_52)
FN:322,(anonymous_54)
FN:341,(anonymous_56)
FN:402,(anonymous_58)
FN:405,(anonymous_60)
FN:408,(anonymous_62)
FN:423,(anonymous_64)
FN:426,(anonymous_66)
FN:429,(anonymous_68)
FN:450,(anonymous_70)
FN:453,(anonymous_72)
FN:456,(anonymous_74)
FN:475,(anonymous_76)
FN:478,(anonymous_78)
FN:481,(anonymous_80)
FN:505,(anonymous_82)
FN:508,(anonymous_84)
FN:511,(anonymous_86)
FN:529,(anonymous_88)
FN:532,(anonymous_90)
FN:545,(anonymous_92)
FN:548,(anonymous_94)
FN:555,(anonymous_96)
FN:558,(anonymous_98)
FN:561,(anonymous_100)
FN:573,(anonymous_102)
FN:577,(anonymous_104)
FN:602,(anonymous_106)
FN:605,(anonymous_108)
FN:615,(anonymous_110)
FN:618,(anonymous_112)
FN:621,(anonymous_114)
FN:625,(anonymous_116)
FN:628,(anonymous_118)
FN:632,(anonymous_120)
FN:651,(anonymous_122)
FN:656,(anonymous_124)
FN:659,(anonymous_126)
FN:662,(anonymous_128)
FN:666,(anonymous_130)
FN:669,(anonymous_132)
FN:676,(anonymous_134)
FN:679,(anonymous_136)
FN:683,(anonymous_138)
FN:697,(anonymous_140)
FN:700,(anonymous_142)
FN:704,(anonymous_144)
FN:707,(anonymous_146)
FN:725,(anonymous_148)
FN:728,(anonymous_150)
FN:732,(anonymous_152)
FN:749,(anonymous_154)
FN:752,(anonymous_156)
FN:769,(anonymous_158)
FN:772,(anonymous_160)
FN:776,(anonymous_162)
FN:790,(anonymous_164)
FN:793,(anonymous_166)
FN:796,(anonymous_168)
FN:799,(anonymous_170)
FN:804,(anonymous_172)
FN:817,(anonymous_174)
FN:820,(anonymous_176)
FN:825,(anonymous_178)
FN:828,(anonymous_180)
FN:833,(anonymous_182)
FN:836,(anonymous_184)
FN:851,(anonymous_186)
FN:855,(anonymous_188)
FN:888,(anonymous_190)
FN:891,(anonymous_192)
FN:898,(anonymous_194)
FN:902,(anonymous_196)
FN:905,(anonymous_198)
FN:915,(anonymous_200)
FN:918,(anonymous_202)
FN:921,(anonymous_204)
FN:948,(anonymous_206)
FN:951,(anonymous_208)
FN:955,(anonymous_210)
FN:967,(anonymous_212)
FN:970,(anonymous_214)
FN:973,(anonymous_216)
FN:997,(anonymous_218)
FN:1000,(anonymous_220)
FN:1003,(anonymous_222)
FN:1007,(anonymous_224)
FN:1011,(anonymous_226)
FN:1014,(anonymous_228)
FN:1025,(anonymous_230)
FN:1029,(anonymous_232)
FN:1050,(anonymous_234)
FN:1053,(anonymous_236)
FN:1056,(anonymous_238)
FN:1059,(anonymous_240)
FN:1063,(anonymous_242)
FNF:122
FNH:122
FNDA:2,(anonymous_0)
FNDA:1,(anonymous_2)
FNDA:1,(anonymous_4)
FNDA:2,(anonymous_6)
FNDA:1,(anonymous_8)
FNDA:1,(anonymous_10)
FNDA:1,(anonymous_12)
FNDA:1,(anonymous_14)
FNDA:1,(anonymous_16)
FNDA:1,(anonymous_18)
FNDA:1,(anonymous_20)
FNDA:1,(anonymous_22)
FNDA:1,(anonymous_24)
FNDA:1,(anonymous_26)
FNDA:1,(anonymous_28)
FNDA:1,(anonymous_30)
FNDA:1,(anonymous_32)
FNDA:1,(anonymous_34)
FNDA:1,(anonymous_36)
FNDA:1,(anonymous_38)
FNDA:1,(anonymous_40)
FNDA:1,(anonymous_42)
FNDA:1,(anonymous_44)
FNDA:1,(anonymous_46)
FNDA:2,(anonymous_48)
FNDA:2,(anonymous_50)
FNDA:2,(anonymous_52)
FNDA:2,(anonymous_54)
FNDA:2,(anonymous_56)
FNDA:1,(anonymous_58)
FNDA:1,(anonymous_60)
FNDA:1,(anonymous_62)
FNDA:1,(anonymous_64)
FNDA:1,(anonymous_66)
FNDA:1,(anonymous_68)
FNDA:1,(anonymous_70)
FNDA:1,(anonymous_72)
FNDA:1,(anonymous_74)
FNDA:1,(anonymous_76)
FNDA:1,(anonymous_78)
FNDA:1,(anonymous_80)
FNDA:1,(anonymous_82)
FNDA:1,(anonymous_84)
FNDA:1,(anonymous_86)
FNDA:2,(anonymous_88)
FNDA:2,(anonymous_90)
FNDA:1,(anonymous_92)
FNDA:1,(anonymous_94)
FNDA:1,(anonymous_96)
FNDA:1,(anonymous_98)
FNDA:1,(anonymous_100)
FNDA:1,(anonymous_102)
FNDA:1,(anonymous_104)
FNDA:1,(anonymous_106)
FNDA:1,(anonymous_108)
FNDA:1,(anonymous_110)
FNDA:1,(anonymous_112)
FNDA:1,(anonymous_114)
FNDA:1,(anonymous_116)
FNDA:1,(anonymous_118)
FNDA:1,(anonymous_120)
FNDA:1,(anonymous_122)
FNDA:1,(anonymous_124)
FNDA:1,(anonymous_126)
FNDA:1,(anonymous_128)
FNDA:1,(anonymous_130)
FNDA:1,(anonymous_132)
FNDA:1,(anonymous_134)
FNDA:1,(anonymous_136)
FNDA:1,(anonymous_138)
FNDA:1,(anonymous_140)
FNDA:1,(anonymous_142)
FNDA:1,(anonymous_144)
FNDA:1,(anonymous_146)
FNDA:1,(anonymous_148)
FNDA:1,(anonymous_150)
FNDA:1,(anonymous_152)
FNDA:1,(anonymous_154)
FNDA:1,(anonymous_156)
FNDA:1,(anonymous_158)
FNDA:1,(anonymous_160)
FNDA:1,(anonymous_162)
FNDA:1,(anonymous_164)
FNDA:1,(anonymous_166)
FNDA:2,(anonymous_168)
FNDA:2,(anonymous_170)
FNDA:2,(anonymous_172)
FNDA:2,(anonymous_174)
FNDA:2,(anonymous_176)
FNDA:1,(anonymous_178)
FNDA:1,(anonymous_180)
FNDA:1,(anonymous_182)
FNDA:1,(anonymous_184)
FNDA:1,(anonymous_186)
FNDA:1,(anonymous_188)
FNDA:1,(anonymous_190)
FNDA:1,(anonymous_192)
FNDA:1,(anonymous_194)
FNDA:1,(anonymous_196)
FNDA:1,(anonymous_198)
FNDA:1,(anonymous_200)
FNDA:1,(anonymous_202)
FNDA:1,(anonymous_204)
FNDA:1,(anonymous_206)
FNDA:1,(anonymous_208)
FNDA:1,(anonymous_210)
FNDA:1,(anonymous_212)
FNDA:1,(anonymous_214)
FNDA:1,(anonymous_216)
FNDA:1,(anonymous_218)
FNDA:1,(anonymous_220)
FNDA:1,(anonymous_222)
FNDA:1,(anonymous_224)
FNDA:1,(anonymous_226)
FNDA:1,(anonymous_228)
FNDA:1,(anonymous_230)
FNDA:1,(anonymous_232)
FNDA:1,(anonymous_234)
FNDA:1,(anonymous_236)
FNDA:1,(anonymous_238)
FNDA:1,(anonymous_240)
FNDA:1,(anonymous_242)
DA:2,1
DA:6,1
DA:7,1
DA:9,1
DA:10,1
DA:13,1
DA:14,1
DA:18,1
DA:19,1
DA:36,1
DA:37,1
DA:59,1
DA:60,1
DA:76,1
DA:77,1
DA:116,1
DA:117,1
DA:120,1
DA:121,1
DA:123,1
DA:124,1
DA:126,1
DA:127,1
DA:145,1
DA:146,1
DA:148,1
DA:149,1
DA:151,1
DA:152,1
DA:167,1
DA:168,1
DA:170,1
DA:171,1
DA:173,1
DA:174,1
DA:202,1
DA:203,1
DA:205,1
DA:206,1
DA:208,1
DA:209,1
DA:231,1
DA:232,1
DA:234,1
DA:235,1
DA:237,1
DA:238,1
DA:264,1
DA:265,1
DA:267,1
DA:268,1
DA:291,1
DA:292,1
DA:321,1
DA:322,1
DA:340,1
DA:341,1
DA:401,1
DA:402,1
DA:404,1
DA:405,1
DA:407,1
DA:408,1
DA:422,1
DA:423,1
DA:425,1
DA:426,1
DA:428,1
DA:429,1
DA:449,1
DA:450,1
DA:452,1
DA:453,1
DA:455,1
DA:456,1
DA:474,1
DA:475,1
DA:477,1
DA:478,1
DA:480,1
DA:481,1
DA:504,1
DA:505,1
DA:507,1
DA:508,1
DA:510,1
DA:511,1
DA:528,1
DA:529,1
DA:531,1
DA:532,1
DA:544,1
DA:545,1
DA:547,1
DA:548,1
DA:554,1
DA:555,1
DA:557,1
DA:558,1
DA:560,1
DA:561,1
DA:572,1
DA:573,1
DA:576,1
DA:577,1
DA:601,1
DA:602,1
DA:604,1
DA:605,1
DA:614,1
DA:615,1
DA:617,1
DA:618,1
DA:620,1
DA:621,1
DA:624,1
DA:625,1
DA:627,1
DA:628,1
DA:631,1
DA:632,1
DA:650,1
DA:651,1
DA:655,1
DA:656,1
DA:658,1
DA:659,1
DA:661,1
DA:662,1
DA:665,1
DA:666,1
DA:668,1
DA:669,1
DA:675,1
DA:676,1
DA:678,1
DA:679,1
DA:682,1
DA:683,1
DA:696,1
DA:697,1
DA:699,1
DA:700,1
DA:703,1
DA:704,1
DA:706,1
DA:707,1
DA:724,1
DA:725,1
DA:727,1
DA:728,1
DA:731,1
DA:732,1
DA:748,1
DA:749,1
DA:751,1
DA:752,1
DA:768,1
DA:769,1
DA:771,1
DA:772,1
DA:775,1
DA:776,1
DA:789,1
DA:790,1
DA:792,1
DA:793,1
DA:795,1
DA:796,1
DA:798,1
DA:799,1
DA:803,1
DA:804,1
DA:816,1
DA:817,1
DA:819,1
DA:820,1
DA:824,1
DA:825,1
DA:827,1
DA:828,1
DA:832,1
DA:833,1
DA:835,1
DA:836,1
DA:850,1
DA:851,1
DA:854,1
DA:855,1
DA:887,1
DA:888,1
DA:890,1
DA:891,1
DA:897,1
DA:898,1
DA:901,1
DA:902,1
DA:904,1
DA:905,1
DA:914,1
DA:915,1
DA:917,1
DA:918,1
DA:920,1
DA:921,1
DA:947,1
DA:948,1
DA:950,1
DA:951,1
DA:954,1
DA:955,1
DA:966,1
DA:967,1
DA:969,1
DA:970,1
DA:972,1
DA:973,1
DA:996,1
DA:997,1
DA:999,1
DA:1000,1
DA:1002,1
DA:1003,1
DA:1006,1
DA:1007,1
DA:1010,1
DA:1011,1
DA:1013,1
DA:1014,1
DA:1024,1
DA:1025,1
DA:1028,1
DA:1029,1
DA:1049,1
DA:1050,1
DA:1052,1
DA:1053,1
DA:1055,1
DA:1056,1
DA:1058,1
DA:1059,1
DA:1062,1
DA:1063,1
DA:1070,1
LF:244
LH:244
BRF:0
BRH:0
end_of_record
TN:
SF:/Users/Shared/Projects/COMOrderDetailService/src/dto/ComOrderDetailsDTO.ts
FN:1,(anonymous_0)
FN:11,(anonymous_2)
FN:25,(anonymous_4)
FN:39,(anonymous_6)
FNF:4
FNH:4
FNDA:6,(anonymous_0)
FNDA:6,(anonymous_2)
FNDA:6,(anonymous_4)
FNDA:1,(anonymous_6)
DA:1,1
DA:9,1
DA:11,1
DA:23,1
DA:25,1
DA:37,1
DA:39,1
DA:44,1
LF:8
LH:8
BRF:0
BRH:0
end_of_record
TN:
SF:/Users/Shared/Projects/COMOrderDetailService/src/logging/Log.ts
FN:9,(anonymous_0)
FN:17,Log
FN:30,(anonymous_2)
FNF:3
FNH:3
FNDA:1,(anonymous_0)
FNDA:1,Log
FNDA:16,(anonymous_2)
DA:1,1
DA:2,1
DA:4,1
DA:9,1
DA:18,1
DA:28,1
DA:30,1
DA:31,16
DA:33,16
DA:37,1
LF:10
LH:10
BRF:0
BRH:0
end_of_record
TN:
SF:/Users/Shared/Projects/COMOrderDetailService/src/repo/MongoRepo.ts
FN:9,(anonymous_12)
FN:22,MongoRepo
FN:23,(anonymous_14)
FN:30,(anonymous_15)
FN:39,(anonymous_16)
FN:41,(anonymous_17)
FN:50,(anonymous_18)
FN:60,(anonymous_19)
FN:67,(anonymous_22)
FN:73,(anonymous_23)
FN:80,(anonymous_26)
FN:93,(anonymous_27)
FN:103,(anonymous_30)
FN:110,(anonymous_33)
FN:116,(anonymous_34)
FN:123,(anonymous_37)
FN:127,(anonymous_38)
FNF:17
FNH:7
FNDA:1,(anonymous_12)
FNDA:1,MongoRepo
FNDA:1,(anonymous_14)
FNDA:5,(anonymous_15)
FNDA:1,(anonymous_16)
FNDA:1,(anonymous_17)
FNDA:0,(anonymous_18)
FNDA:0,(anonymous_19)
FNDA:0,(anonymous_22)
FNDA:0,(anonymous_23)
FNDA:0,(anonymous_26)
FNDA:0,(anonymous_27)
FNDA:0,(anonymous_30)
FNDA:0,(anonymous_33)
FNDA:0,(anonymous_34)
FNDA:0,(anonymous_37)
FNDA:1,(anonymous_38)
DA:4,1
DA:5,1
DA:7,1
DA:9,1
DA:11,1
DA:14,1
DA:16,1
DA:22,1
DA:23,1
DA:24,1
DA:30,1
DA:31,5
DA:32,4
DA:34,1
DA:35,1
DA:39,1
DA:41,1
DA:42,1
DA:44,1
DA:45,1
DA:46,1
DA:47,1
DA:49,0
DA:50,0
DA:51,0
DA:52,0
DA:54,0
DA:55,0
DA:60,1
DA:61,0
DA:62,0
DA:65,0
DA:67,0
DA:68,0
DA:69,0
DA:73,1
DA:76,0
DA:77,0
DA:80,0
DA:82,0
DA:85,0
DA:86,0
DA:87,0
DA:88,0
DA:89,0
DA:90,0
DA:92,0
DA:93,0
DA:94,0
DA:95,0
DA:96,0
DA:97,0
DA:103,1
DA:106,0
DA:107,0
DA:110,0
DA:111,0
DA:112,0
DA:115,0
DA:116,0
DA:117,0
DA:123,1
DA:124,0
DA:127,1
DA:128,1
DA:129,0
DA:130,0
DA:132,0
DA:134,1
DA:138,1
LF:70
LH:30
BRDA:31,0,0,4
BRDA:31,0,1,1
BRDA:45,1,0,1
BRDA:45,1,1,0
BRDA:85,2,0,0
BRDA:85,2,1,0
BRDA:85,3,0,0
BRDA:85,3,1,0
BRDA:87,4,0,0
BRDA:87,4,1,0
BRDA:89,5,0,0
BRDA:89,5,1,0
BRDA:94,6,0,0
BRDA:94,6,1,0
BRDA:128,7,0,0
BRDA:128,7,1,1
BRDA:128,8,0,1
BRDA:128,8,1,0
BRF:18
BRH:5
end_of_record
TN:
SF:/Users/Shared/Projects/COMOrderDetailService/src/service/ComOrderEventsService.test.ts
FN:21,(anonymous_0)
FN:22,(anonymous_1)
FN:26,(anonymous_2)
FN:39,(anonymous_3)
FN:43,(anonymous_4)
FN:44,(anonymous_5)
FN:47,(anonymous_6)
FN:50,(anonymous_7)
FN:55,(anonymous_8)
FN:58,(anonymous_9)
FN:59,(anonymous_10)
FN:70,(anonymous_11)
FN:73,(anonymous_12)
FN:77,(anonymous_13)
FN:78,(anonymous_14)
FN:89,(anonymous_15)
FN:92,(anonymous_16)
FN:95,(anonymous_17)
FNF:18
FNH:18
FNDA:1,(anonymous_0)
FNDA:1,(anonymous_1)
FNDA:1,(anonymous_2)
FNDA:1,(anonymous_3)
FNDA:1,(anonymous_4)
FNDA:1,(anonymous_5)
FNDA:1,(anonymous_6)
FNDA:1,(anonymous_7)
FNDA:1,(anonymous_8)
FNDA:1,(anonymous_9)
FNDA:1,(anonymous_10)
FNDA:1,(anonymous_11)
FNDA:1,(anonymous_12)
FNDA:1,(anonymous_13)
FNDA:1,(anonymous_14)
FNDA:1,(anonymous_15)
FNDA:1,(anonymous_16)
FNDA:1,(anonymous_17)
DA:1,1
DA:2,1
DA:8,1
DA:9,1
DA:11,1
DA:12,1
DA:13,1
DA:14,1
DA:16,1
DA:18,1
DA:19,1
DA:21,1
DA:22,1
DA:26,1
DA:27,1
DA:28,1
DA:30,1
DA:32,1
DA:33,1
DA:34,1
DA:35,1
DA:37,1
DA:39,1
DA:40,1
DA:41,1
DA:43,1
DA:44,1
DA:45,1
DA:47,1
DA:48,1
DA:50,1
DA:51,1
DA:55,1
DA:58,1
DA:59,1
DA:60,1
DA:62,1
DA:64,1
DA:66,1
DA:68,1
DA:70,1
DA:71,1
DA:73,1
DA:74,1
DA:77,1
DA:78,1
DA:79,1
DA:81,1
DA:83,1
DA:85,1
DA:87,1
DA:89,1
DA:90,1
DA:92,1
DA:93,1
DA:95,1
DA:96,1
DA:97,1
DA:98,1
LF:59
LH:59
BRF:0
BRH:0
end_of_record
TN:
SF:/Users/Shared/Projects/COMOrderDetailService/src/service/ComOrderEventsService.ts
FN:10,(anonymous_0)
FN:11,ComOrderEventsService
FN:14,(anonymous_2)
FN:19,(anonymous_3)
FN:29,(anonymous_4)
FN:41,logEvents
FN:42,(anonymous_6)
FNF:7
FNH:3
FNDA:1,(anonymous_0)
FNDA:3,ComOrderEventsService
FNDA:0,(anonymous_2)
FNDA:3,(anonymous_3)
FNDA:0,(anonymous_4)
FNDA:0,logEvents
FNDA:0,(anonymous_6)
DA:3,1
DA:7,1
DA:8,1
DA:10,1
DA:11,3
DA:14,1
DA:15,0
DA:19,1
DA:20,3
DA:21,3
DA:25,3
DA:26,3
DA:27,3
DA:29,2
DA:36,0
DA:39,1
DA:42,0
LF:17
LH:14
BRDA:27,0,0,2
BRDA:27,0,1,1
BRF:2
BRH:2
end_of_record
TN:
SF:/Users/Shared/Projects/COMOrderDetailService/src/translator/ComOrderEventTranslator.test.ts
FN:19,(anonymous_0)
FN:22,(anonymous_1)
FN:24,(anonymous_2)
FN:26,(anonymous_3)
FN:29,(anonymous_4)
FN:35,(anonymous_5)
FN:40,(anonymous_6)
FN:44,(anonymous_7)
FN:50,(anonymous_8)
FN:55,(anonymous_9)
FN:60,(anonymous_10)
FN:65,(anonymous_11)
FN:70,(anonymous_12)
FN:75,(anonymous_13)
FN:95,(anonymous_14)
FN:101,(anonymous_15)
FN:104,(anonymous_16)
FN:107,(anonymous_17)
FN:110,(anonymous_18)
FN:117,(anonymous_19)
FN:120,(anonymous_20)
FN:132,(anonymous_21)
FN:135,(anonymous_22)
FN:146,createMockEvent
FN:161,createOrder
FN:202,createOrderLines
FNF:26
FNH:26
FNDA:1,(anonymous_0)
FNDA:1,(anonymous_1)
FNDA:1,(anonymous_2)
FNDA:1,(anonymous_3)
FNDA:1,(anonymous_4)
FNDA:1,(anonymous_5)
FNDA:1,(anonymous_6)
FNDA:1,(anonymous_7)
FNDA:1,(anonymous_8)
FNDA:1,(anonymous_9)
FNDA:1,(anonymous_10)
FNDA:1,(anonymous_11)
FNDA:1,(anonymous_12)
FNDA:1,(anonymous_13)
FNDA:1,(anonymous_14)
FNDA:1,(anonymous_15)
FNDA:1,(anonymous_16)
FNDA:1,(anonymous_17)
FNDA:1,(anonymous_18)
FNDA:1,(anonymous_19)
FNDA:1,(anonymous_20)
FNDA:1,(anonymous_21)
FNDA:1,(anonymous_22)
FNDA:1,createMockEvent
FNDA:1,createOrder
FNDA:1,createOrderLines
DA:1,1
DA:7,1
DA:10,1
DA:12,1
DA:14,1
DA:19,1
DA:22,1
DA:24,1
DA:26,1
DA:29,1
DA:31,1
DA:35,1
DA:36,1
DA:40,1
DA:41,1
DA:44,1
DA:46,1
DA:50,1
DA:51,1
DA:55,1
DA:56,1
DA:60,1
DA:61,1
DA:65,1
DA:66,1
DA:70,1
DA:71,1
DA:75,1
DA:76,1
DA:95,1
DA:96,1
DA:97,1
DA:101,1
DA:102,1
DA:104,1
DA:105,1
DA:107,1
DA:108,1
DA:110,1
DA:111,1
DA:112,1
DA:113,1
DA:114,1
DA:115,1
DA:117,1
DA:118,1
DA:120,1
DA:121,1
DA:122,1
DA:123,1
DA:124,1
DA:125,1
DA:126,1
DA:127,1
DA:128,1
DA:129,1
DA:130,1
DA:132,1
DA:133,1
DA:135,1
DA:136,1
DA:147,1
DA:148,1
DA:149,1
DA:150,1
DA:151,1
DA:153,1
DA:154,1
DA:155,1
DA:158,1
DA:162,1
DA:193,1
DA:203,1
DA:204,1
DA:205,1
DA:206,1
DA:208,1
DA:209,1
DA:210,1
DA:212,1
DA:213,1
DA:214,1
DA:215,1
DA:216,1
DA:218,1
DA:219,1
DA:220,1
DA:221,1
DA:222,1
DA:223,1
DA:224,1
DA:234,1
DA:235,1
DA:245,1
DA:247,1
DA:248,1
DA:249,1
DA:250,1
DA:251,1
DA:252,1
DA:253,1
DA:254,1
DA:255,1
DA:256,1
DA:258,1
DA:259,1
DA:261,1
LF:107
LH:107
BRF:0
BRH:0
end_of_record
TN:
SF:/Users/Shared/Projects/COMOrderDetailService/src/translator/ComOrderEventTranslator.ts
FN:6,(anonymous_0)
FN:8,(anonymous_2)
FNF:2
FNH:2
FNDA:1,(anonymous_0)
FNDA:6,(anonymous_2)
DA:2,1
DA:6,1
DA:8,1
DA:10,6
DA:11,6
DA:12,3
DA:13,3
DA:15,3
DA:16,5
DA:17,5
DA:18,5
DA:19,5
DA:20,5
DA:21,5
DA:22,5
DA:25,5
DA:26,5
DA:27,5
DA:28,5
DA:29,5
DA:31,5
DA:33,5
DA:34,5
DA:37,5
DA:38,5
DA:39,5
DA:40,5
DA:41,5
DA:42,5
DA:44,5
DA:45,5
DA:47,5
DA:49,5
DA:50,5
DA:53,5
DA:54,2
DA:55,2
DA:59,5
DA:60,2
DA:69,5
DA:70,2
DA:75,3
DA:77,1
LF:43
LH:43
BRDA:11,0,0,3
BRDA:11,0,1,3
BRDA:11,1,0,6
BRDA:11,1,1,5
BRDA:11,1,2,4
BRDA:11,1,3,4
BRDA:15,2,0,0
BRDA:15,2,1,3
BRDA:37,3,0,5
BRDA:37,3,1,0
BRDA:44,4,0,5
BRDA:44,4,1,0
BRDA:53,5,0,2
BRDA:53,5,1,3
BRDA:53,6,0,5
BRDA:53,6,1,3
BRDA:59,7,0,2
BRDA:59,7,1,3
BRDA:69,8,0,2
BRDA:69,8,1,3
BRF:20
BRH:17
end_of_record
